#
# A fatal error has been detected by the Java Runtime Environment:
#
#  EXCEPTION_ACCESS_VIOLATION (0xc0000005) at pc=0x000000007110b5db, pid=14316, tid=26408
#
# JRE version: OpenJDK Runtime Environment Temurin-17.0.4.1+1 (17.0.4.1+1) (build 17.0.4.1+1)
# Java VM: OpenJDK 64-Bit Server VM Temurin-17.0.4.1+1 (17.0.4.1+1, mixed mode, sharing, tiered, compressed oops, compressed class ptrs, g1 gc, windows-amd64)
# Problematic frame:
# C  [jSSC-2.8_x86_64.dll+0xb5db]
#
# No core dump will be written. Minidumps are not enabled by default on client versions of Windows
#
# If you would like to submit a bug report, please visit:
#   https://github.com/adoptium/adoptium-support/issues
# The crash happened outside the Java Virtual Machine in native code.
# See problematic frame for where to report the bug.
#

---------------  S U M M A R Y ------------

Command Line: -XX:+ShowCodeDetailsInExceptionMessages Projet

Host: AMD Ryzen 7 4800H with Radeon Graphics         , 16 cores, 15G,  Windows 10 , 64 bit Build 19041 (10.0.19041.1889)
Time: Thu Oct 13 00:15:33 2022 Atlantique (heure dt Build 19041 (10.0.19041.1889) elapsed time: 0.100835 seconds (0d 0h 0m 0s)

---------------  T H R E A D  ---------------

Current thread (0x00000201d8a5da40):  JavaThread "main" [_thread_in_native, id=26408, stack(0x00000031d0e00000,0x00000031d0f00000)]

Stack: [0x00000031d0e00000,0x00000031d0f00000],  sp=0x00000031d0eff010,  free space=1020k
Native frames: (J=compiled Java code, j=interpreted, Vv=VM code, C=native code)
C  [jSSC-2.8_x86_64.dll+0xb5db]

Java frames: (J=compiled Java code, j=interpreted, Vv=VM code)
j  jssc.SerialNativeInterface.openPort(Ljava/lang/String;Z)J+0
j  jssc.SerialPort.openPort()Z+65
j  org.firmata4j.transport.SerialTransport.start()V+14
j  org.firmata4j.firmata.FirmataDevice.start()V+24
j  Projet.main([Ljava/lang/String;)V+13
v  ~StubRoutines::call_stub

siginfo: EXCEPTION_ACCESS_VIOLATION (0xc0000005), reading address 0xffffffffd6c21a71


Register to memory mapping:

RIP=0x000000007110b5db jSSC-2.8_x86_64.dll
RAX=0xffffffffd6c21a71 is an unknown value
RBX=0x00000031d0eff080 is pointing into the stack for thread: 0x00000201d8a5da40
RCX=0x00007ff9d7f8d2a4 ntdll.dll
RDX=0x0 is NULL
RSP=0x00000031d0eff010 is pointing into the stack for thread: 0x00000201d8a5da40
RBP=0x00000031d0eff190 is pointing into the stack for thread: 0x00000201d8a5da40
RSI=0x00000201d8a5dce8 points into unknown readable memory: 0x00007ff93df2f7e0 | e0 f7 f2 3d f9 7f 00 00
RDI=0x000000000000044c is an unknown value
R8 =0x00000031d0efef08 is pointing into the stack for thread: 0x00000201d8a5da40
R9 =0x00000031d0eff000 is pointing into the stack for thread: 0x00000201d8a5da40
R10=0x0 is NULL
R11=0x0000000000000246 is an unknown value
R12=0x00000031d0eff248 is pointing into the stack for thread: 0x00000201d8a5da40
R13=0x00000201fcd2c770 points into unknown readable memory: 0x00003e00334d4f43 | 43 4f 4d 33 00 3e 00 00
R14=0x00000031d0eff140 is pointing into the stack for thread: 0x00000201d8a5da40
R15=0x00000201d8a5da40 is a thread


Registers:
RAX=0xffffffffd6c21a71, RBX=0x00000031d0eff080, RCX=0x00007ff9d7f8d2a4, RDX=0x0000000000000000
RSP=0x00000031d0eff010, RBP=0x00000031d0eff190, RSI=0x00000201d8a5dce8, RDI=0x000000000000044c
R8 =0x00000031d0efef08, R9 =0x00000031d0eff000, R10=0x0000000000000000, R11=0x0000000000000246
R12=0x00000031d0eff248, R13=0x00000201fcd2c770, R14=0x00000031d0eff140, R15=0x00000201d8a5da40
RIP=0x000000007110b5db, EFLAGS=0x0000000000010206

Top of Stack: (sp=0x00000031d0eff010)
0x00000031d0eff010:   00000201fcd8d4d0 00000201fcd2c590
0x00000031d0eff020:   000000007110b230 00000201d6960000
0x00000031d0eff030:   00000201d6880000 0000000000000004
0x00000031d0eff040:   00000201d8a5dce8 000000000000044c
0x00000031d0eff050:   00000031d0eff190 0000000071112590
0x00000031d0eff060:   00000201d8a5da40 00000031d0eff140
0x00000031d0eff070:   00000201fcd2c770 00000031d0eff248
0x00000031d0eff080:   00000201fcd2c770 00007ff9d7f147b1
0x00000031d0eff090:   00000031d0eff0c0 00000201d6960000
0x00000031d0eff0a0:   00000031d0eff190 0000000000000000
0x00000031d0eff0b0:   0000000071113500 0000000071113be8
0x00000031d0eff0c0:   00000031d0eff0f0 0000000071112641
0x00000031d0eff0d0:   00000031d0eff060 00000201d8a5dce8
0x00000031d0eff0e0:   0000000000000000 0000000000000000
0x00000031d0eff0f0:   00000031d0eff190 0000000071101595
0x00000031d0eff100:   000000000000001c 0000020100000000 

Instructions: (pc=0x000000007110b5db)
0x000000007110b4db:   48 85 c0 74 bf 44 8b 03 45 85 c0 0f 84 77 ff ff
0x000000007110b4eb:   ff eb 9f 66 90 e8 8b fe ff ff 48 89 05 0c 34 01
0x000000007110b4fb:   00 eb ad 66 90 e8 7b fe ff ff 48 89 05 fc 33 01
0x000000007110b50b:   00 eb 8b e8 8d fe ff ff c7 03 01 00 00 00 e9 6f
0x000000007110b51b:   ff ff ff 66 90 55 48 89 e5 56 53 48 83 ec 20 48
0x000000007110b52b:   8b 05 d7 33 01 00 48 8b 31 48 89 cb 48 85 c0 74
0x000000007110b53b:   56 44 8b 18 45 85 db 78 42 48 8b 05 bd 33 01 00
0x000000007110b54b:   48 85 c0 74 50 44 8b 10 45 85 d2 74 1d 48 89 f1
0x000000007110b55b:   e8 d0 fd ff ff 48 8b 13 48 8d 42 40 48 8b 48 08
0x000000007110b56b:   48 8b 6a 40 48 8b 60 10 ff e1 48 8b 05 9c 33 01
0x000000007110b57b:   00 48 85 c0 74 2d 48 89 30 eb da e8 b5 fe ff ff
0x000000007110b58b:   0f 1f 44 00 00 eb b2 e8 e9 fd ff ff 48 89 05 6a
0x000000007110b59b:   33 01 00 eb 9c e8 db fd ff ff 48 89 05 5c 33 01
0x000000007110b5ab:   00 eb a2 e8 3d fd ff ff 48 89 05 5e 33 01 00 eb
0x000000007110b5bb:   c5 0f 1f 40 00 55 57 56 53 48 83 ec 28 48 8b 05
0x000000007110b5cb:   39 33 01 00 48 89 cb 48 85 c0 0f 84 c5 00 00 00
0x000000007110b5db:   8b 38 85 ff 0f 88 ab 00 00 00 48 8b 05 1c 33 01
0x000000007110b5eb:   00 48 85 c0 0f 84 bc 00 00 00 8b 30 85 f6 74 57
0x000000007110b5fb:   48 8b 05 0e 33 01 00 48 85 c0 0f 84 e5 00 00 00
0x000000007110b60b:   8b 28 48 8b 35 10 5e 01 00 ff d6 89 c7 89 e9 ff
0x000000007110b61b:   15 f4 5e 01 00 89 f9 48 89 c5 ff 15 b9 5e 01 00
0x000000007110b62b:   48 8b 05 de 32 01 00 48 89 2b 48 85 c0 74 46 48
0x000000007110b63b:   89 da 8b 08 ff 15 d7 5e 01 00 85 c0 74 27 48 83
0x000000007110b64b:   c4 28 5b 5e 5f 5d c3 48 8b 05 bf 32 01 00 48 85
0x000000007110b65b:   c0 74 64 48 8b 10 48 89 13 48 89 18 48 83 c4 28
0x000000007110b66b:   5b 5e 5f 5d c3 48 89 f2 48 83 c4 28 5b 5e 5f 5d
0x000000007110b67b:   48 ff e2 66 90 e8 8b fc ff ff 48 89 05 84 32 01
0x000000007110b68b:   00 eb ac 66 90 e8 ab fd ff ff e9 4b ff ff ff 66
0x000000007110b69b:   0f 1f 44 00 00 e8 db fc ff ff 48 89 05 5c 32 01
0x000000007110b6ab:   00 e9 2a ff ff ff e8 ca fc ff ff 48 89 05 4b 32
0x000000007110b6bb:   01 00 e9 33 ff ff ff e8 29 fc ff ff 48 89 05 4a
0x000000007110b6cb:   32 01 00 48 8b 10 48 85 c0 48 89 13 75 8b e8 12 


Stack slot to memory mapping:
stack at sp + 0 slots: 0x00000201fcd8d4d0 points into unknown readable memory: 0x005c002e005c005c | 5c 00 5c 00 2e 00 5c 00
stack at sp + 1 slots: 0x00000201fcd2c590 points into unknown readable memory: 0x00000201fcd20160 | 60 01 d2 fc 01 02 00 00
stack at sp + 2 slots: 0x000000007110b230 jSSC-2.8_x86_64.dll
stack at sp + 3 slots: 0x00000201d6960000 points into unknown readable memory: 0x0000000000000000 | 00 00 00 00 00 00 00 00
stack at sp + 4 slots: 0x00000201d6880000 points into unknown readable memory: 0x0000000000000000 | 00 00 00 00 00 00 00 00
stack at sp + 5 slots: 0x0000000000000004 is an unknown value
stack at sp + 6 slots: 0x00000201d8a5dce8 points into unknown readable memory: 0x00007ff93df2f7e0 | e0 f7 f2 3d f9 7f 00 00
stack at sp + 7 slots: 0x000000000000044c is an unknown value


---------------  P R O C E S S  ---------------

Threads class SMR info:
_java_thread_list=0x00000201fcd8dd30, length=14, elements={
0x00000201d8a5da40, 0x00000201fc0d7e20, 0x00000201fc0d99b0, 0x00000201fc0f2910,
0x00000201fc0f31d0, 0x00000201fc0f3a90, 0x00000201fc0f4350, 0x00000201fc0f4ff0,
0x00000201fc0f79b0, 0x00000201fcc08090, 0x00000201fcd05e30, 0x00000201fcd329c0,
0x00000201fcd34eb0, 0x00000201fcd7b030
}

Java Threads: ( => current thread )
=>0x00000201d8a5da40 JavaThread "main" [_thread_in_native, id=26408, stack(0x00000031d0e00000,0x00000031d0f00000)]
  0x00000201fc0d7e20 JavaThread "Reference Handler" daemon [_thread_blocked, id=11884, stack(0x00000031d1500000,0x00000031d1600000)]
  0x00000201fc0d99b0 JavaThread "Finalizer" daemon [_thread_blocked, id=22288, stack(0x00000031d1600000,0x00000031d1700000)]
  0x00000201fc0f2910 JavaThread "Signal Dispatcher" daemon [_thread_blocked, id=25976, stack(0x00000031d1700000,0x00000031d1800000)]
  0x00000201fc0f31d0 JavaThread "Attach Listener" daemon [_thread_blocked, id=12644, stack(0x00000031d1800000,0x00000031d1900000)]
  0x00000201fc0f3a90 JavaThread "Service Thread" daemon [_thread_blocked, id=668, stack(0x00000031d1900000,0x00000031d1a00000)]
  0x00000201fc0f4350 JavaThread "Monitor Deflation Thread" daemon [_thread_blocked, id=2052, stack(0x00000031d1a00000,0x00000031d1b00000)]
  0x00000201fc0f4ff0 JavaThread "C2 CompilerThread0" daemon [_thread_blocked, id=23736, stack(0x00000031d1b00000,0x00000031d1c00000)]
  0x00000201fc0f79b0 JavaThread "C1 CompilerThread0" daemon [_thread_blocked, id=22348, stack(0x00000031d1c00000,0x00000031d1d00000)]
  0x00000201fcc08090 JavaThread "Sweeper thread" daemon [_thread_blocked, id=21696, stack(0x00000031d1d00000,0x00000031d1e00000)]
  0x00000201fcd05e30 JavaThread "C1 CompilerThread1" daemon [_thread_blocked, id=296, stack(0x00000031d1e00000,0x00000031d1f00000)]
  0x00000201fcd329c0 JavaThread "Notification Thread" daemon [_thread_blocked, id=24424, stack(0x00000031d1f00000,0x00000031d2000000)]
  0x00000201fcd34eb0 JavaThread "Common-Cleaner" daemon [_thread_blocked, id=22748, stack(0x00000031d2100000,0x00000031d2200000)]
  0x00000201fcd7b030 JavaThread "firmata-parser-thread" daemon [_thread_blocked, id=20388, stack(0x00000031d2200000,0x00000031d2300000)]

Other Threads:
  0x00000201fc0d2400 VMThread "VM Thread" [stack: 0x00000031d1400000,0x00000031d1500000] [id=26496]
  0x00000201d8afd140 WatcherThread [stack: 0x00000031d2000000,0x00000031d2100000] [id=26248]
  0x00000201d8ac74b0 GCTaskThread "GC Thread#0" [stack: 0x00000031d0f00000,0x00000031d1000000] [id=15824]
  0x00000201d8ad89d0 ConcurrentGCThread "G1 Main Marker" [stack: 0x00000031d1000000,0x00000031d1100000] [id=20436]
  0x00000201d8adb310 ConcurrentGCThread "G1 Conc#0" [stack: 0x00000031d1100000,0x00000031d1200000] [id=23860]
  0x00000201d8b3eb30 ConcurrentGCThread "G1 Refine#0" [stack: 0x00000031d1200000,0x00000031d1300000] [id=24268]
  0x00000201fbf8d940 ConcurrentGCThread "G1 Service" [stack: 0x00000031d1300000,0x00000031d1400000] [id=17488]

Threads with active compile tasks:

VM state: not at safepoint (normal execution)

VM Mutex/Monitor currently owned by a thread: None

Heap address: 0x0000000709400000, size: 3948 MB, Compressed Oops mode: Zero based, Oop shift amount: 3

CDS archive(s) mapped at: [0x0000000800000000-0x0000000800bc0000-0x0000000800bc0000), size 12320768, SharedBaseAddress: 0x0000000800000000, ArchiveRelocationMode: 0.
Compressed class space mapped at: 0x0000000800c00000-0x0000000840c00000, reserved size: 1073741824
Narrow klass base: 0x0000000800000000, Narrow klass shift: 0, Narrow klass range: 0x100000000

GC Precious Log:
 CPUs: 16 total, 16 available
 Memory: 15790M
 Large Page Support: Disabled
 NUMA Support: Disabled
 Compressed Oops: Enabled (Zero based)
 Heap Region Size: 2M
 Heap Min Capacity: 8M
 Heap Initial Capacity: 248M
 Heap Max Capacity: 3948M
 Pre-touch: Disabled
 Parallel Workers: 13
 Concurrent Workers: 3
 Concurrent Refinement Workers: 13
 Periodic GC: Disabled

Heap:
 garbage-first heap   total 253952K, used 2048K [0x0000000709400000, 0x0000000800000000)
  region size 2048K, 2 young (4096K), 0 survivors (0K)
 Metaspace       used 606K, committed 704K, reserved 1056768K
  class space    used 59K, committed 128K, reserved 1048576K

Heap Regions: E=young(eden), S=young(survivor), O=old, HS=humongous(starts), HC=humongous(continues), CS=collection set, F=free, OA=open archive, CA=closed archive, TAMS=top-at-mark-start (previous, next)
|   0|0x0000000709400000, 0x0000000709400000, 0x0000000709600000|  0%| F|  |TAMS 0x0000000709400000, 0x0000000709400000| Untracked 
|   1|0x0000000709600000, 0x0000000709600000, 0x0000000709800000|  0%| F|  |TAMS 0x0000000709600000, 0x0000000709600000| Untracked 
|   2|0x0000000709800000, 0x0000000709800000, 0x0000000709a00000|  0%| F|  |TAMS 0x0000000709800000, 0x0000000709800000| Untracked 
|   3|0x0000000709a00000, 0x0000000709a00000, 0x0000000709c00000|  0%| F|  |TAMS 0x0000000709a00000, 0x0000000709a00000| Untracked 
|   4|0x0000000709c00000, 0x0000000709c00000, 0x0000000709e00000|  0%| F|  |TAMS 0x0000000709c00000, 0x0000000709c00000| Untracked 
|   5|0x0000000709e00000, 0x0000000709e00000, 0x000000070a000000|  0%| F|  |TAMS 0x0000000709e00000, 0x0000000709e00000| Untracked 
|   6|0x000000070a000000, 0x000000070a000000, 0x000000070a200000|  0%| F|  |TAMS 0x000000070a000000, 0x000000070a000000| Untracked 
|   7|0x000000070a200000, 0x000000070a200000, 0x000000070a400000|  0%| F|  |TAMS 0x000000070a200000, 0x000000070a200000| Untracked 
|   8|0x000000070a400000, 0x000000070a400000, 0x000000070a600000|  0%| F|  |TAMS 0x000000070a400000, 0x000000070a400000| Untracked 
|   9|0x000000070a600000, 0x000000070a600000, 0x000000070a800000|  0%| F|  |TAMS 0x000000070a600000, 0x000000070a600000| Untracked 
|  10|0x000000070a800000, 0x000000070a800000, 0x000000070aa00000|  0%| F|  |TAMS 0x000000070a800000, 0x000000070a800000| Untracked 
|  11|0x000000070aa00000, 0x000000070aa00000, 0x000000070ac00000|  0%| F|  |TAMS 0x000000070aa00000, 0x000000070aa00000| Untracked 
|  12|0x000000070ac00000, 0x000000070ac00000, 0x000000070ae00000|  0%| F|  |TAMS 0x000000070ac00000, 0x000000070ac00000| Untracked 
|  13|0x000000070ae00000, 0x000000070ae00000, 0x000000070b000000|  0%| F|  |TAMS 0x000000070ae00000, 0x000000070ae00000| Untracked 
|  14|0x000000070b000000, 0x000000070b000000, 0x000000070b200000|  0%| F|  |TAMS 0x000000070b000000, 0x000000070b000000| Untracked 
|  15|0x000000070b200000, 0x000000070b200000, 0x000000070b400000|  0%| F|  |TAMS 0x000000070b200000, 0x000000070b200000| Untracked 
|  16|0x000000070b400000, 0x000000070b400000, 0x000000070b600000|  0%| F|  |TAMS 0x000000070b400000, 0x000000070b400000| Untracked 
|  17|0x000000070b600000, 0x000000070b600000, 0x000000070b800000|  0%| F|  |TAMS 0x000000070b600000, 0x000000070b600000| Untracked 
|  18|0x000000070b800000, 0x000000070b800000, 0x000000070ba00000|  0%| F|  |TAMS 0x000000070b800000, 0x000000070b800000| Untracked 
|  19|0x000000070ba00000, 0x000000070ba00000, 0x000000070bc00000|  0%| F|  |TAMS 0x000000070ba00000, 0x000000070ba00000| Untracked 
|  20|0x000000070bc00000, 0x000000070bc00000, 0x000000070be00000|  0%| F|  |TAMS 0x000000070bc00000, 0x000000070bc00000| Untracked 
|  21|0x000000070be00000, 0x000000070be00000, 0x000000070c000000|  0%| F|  |TAMS 0x000000070be00000, 0x000000070be00000| Untracked 
|  22|0x000000070c000000, 0x000000070c000000, 0x000000070c200000|  0%| F|  |TAMS 0x000000070c000000, 0x000000070c000000| Untracked 
|  23|0x000000070c200000, 0x000000070c200000, 0x000000070c400000|  0%| F|  |TAMS 0x000000070c200000, 0x000000070c200000| Untracked 
|  24|0x000000070c400000, 0x000000070c400000, 0x000000070c600000|  0%| F|  |TAMS 0x000000070c400000, 0x000000070c400000| Untracked 
|  25|0x000000070c600000, 0x000000070c600000, 0x000000070c800000|  0%| F|  |TAMS 0x000000070c600000, 0x000000070c600000| Untracked 
|  26|0x000000070c800000, 0x000000070c800000, 0x000000070ca00000|  0%| F|  |TAMS 0x000000070c800000, 0x000000070c800000| Untracked 
|  27|0x000000070ca00000, 0x000000070ca00000, 0x000000070cc00000|  0%| F|  |TAMS 0x000000070ca00000, 0x000000070ca00000| Untracked 
|  28|0x000000070cc00000, 0x000000070cc00000, 0x000000070ce00000|  0%| F|  |TAMS 0x000000070cc00000, 0x000000070cc00000| Untracked 
|  29|0x000000070ce00000, 0x000000070ce00000, 0x000000070d000000|  0%| F|  |TAMS 0x000000070ce00000, 0x000000070ce00000| Untracked 
|  30|0x000000070d000000, 0x000000070d000000, 0x000000070d200000|  0%| F|  |TAMS 0x000000070d000000, 0x000000070d000000| Untracked 
|  31|0x000000070d200000, 0x000000070d200000, 0x000000070d400000|  0%| F|  |TAMS 0x000000070d200000, 0x000000070d200000| Untracked 
|  32|0x000000070d400000, 0x000000070d400000, 0x000000070d600000|  0%| F|  |TAMS 0x000000070d400000, 0x000000070d400000| Untracked 
|  33|0x000000070d600000, 0x000000070d600000, 0x000000070d800000|  0%| F|  |TAMS 0x000000070d600000, 0x000000070d600000| Untracked 
|  34|0x000000070d800000, 0x000000070d800000, 0x000000070da00000|  0%| F|  |TAMS 0x000000070d800000, 0x000000070d800000| Untracked 
|  35|0x000000070da00000, 0x000000070da00000, 0x000000070dc00000|  0%| F|  |TAMS 0x000000070da00000, 0x000000070da00000| Untracked 
|  36|0x000000070dc00000, 0x000000070dc00000, 0x000000070de00000|  0%| F|  |TAMS 0x000000070dc00000, 0x000000070dc00000| Untracked 
|  37|0x000000070de00000, 0x000000070de00000, 0x000000070e000000|  0%| F|  |TAMS 0x000000070de00000, 0x000000070de00000| Untracked 
|  38|0x000000070e000000, 0x000000070e000000, 0x000000070e200000|  0%| F|  |TAMS 0x000000070e000000, 0x000000070e000000| Untracked 
|  39|0x000000070e200000, 0x000000070e200000, 0x000000070e400000|  0%| F|  |TAMS 0x000000070e200000, 0x000000070e200000| Untracked 
|  40|0x000000070e400000, 0x000000070e400000, 0x000000070e600000|  0%| F|  |TAMS 0x000000070e400000, 0x000000070e400000| Untracked 
|  41|0x000000070e600000, 0x000000070e600000, 0x000000070e800000|  0%| F|  |TAMS 0x000000070e600000, 0x000000070e600000| Untracked 
|  42|0x000000070e800000, 0x000000070e800000, 0x000000070ea00000|  0%| F|  |TAMS 0x000000070e800000, 0x000000070e800000| Untracked 
|  43|0x000000070ea00000, 0x000000070ea00000, 0x000000070ec00000|  0%| F|  |TAMS 0x000000070ea00000, 0x000000070ea00000| Untracked 
|  44|0x000000070ec00000, 0x000000070ec00000, 0x000000070ee00000|  0%| F|  |TAMS 0x000000070ec00000, 0x000000070ec00000| Untracked 
|  45|0x000000070ee00000, 0x000000070ee00000, 0x000000070f000000|  0%| F|  |TAMS 0x000000070ee00000, 0x000000070ee00000| Untracked 
|  46|0x000000070f000000, 0x000000070f000000, 0x000000070f200000|  0%| F|  |TAMS 0x000000070f000000, 0x000000070f000000| Untracked 
|  47|0x000000070f200000, 0x000000070f200000, 0x000000070f400000|  0%| F|  |TAMS 0x000000070f200000, 0x000000070f200000| Untracked 
|  48|0x000000070f400000, 0x000000070f400000, 0x000000070f600000|  0%| F|  |TAMS 0x000000070f400000, 0x000000070f400000| Untracked 
|  49|0x000000070f600000, 0x000000070f600000, 0x000000070f800000|  0%| F|  |TAMS 0x000000070f600000, 0x000000070f600000| Untracked 
|  50|0x000000070f800000, 0x000000070f800000, 0x000000070fa00000|  0%| F|  |TAMS 0x000000070f800000, 0x000000070f800000| Untracked 
|  51|0x000000070fa00000, 0x000000070fa00000, 0x000000070fc00000|  0%| F|  |TAMS 0x000000070fa00000, 0x000000070fa00000| Untracked 
|  52|0x000000070fc00000, 0x000000070fc00000, 0x000000070fe00000|  0%| F|  |TAMS 0x000000070fc00000, 0x000000070fc00000| Untracked 
|  53|0x000000070fe00000, 0x000000070fe00000, 0x0000000710000000|  0%| F|  |TAMS 0x000000070fe00000, 0x000000070fe00000| Untracked 
|  54|0x0000000710000000, 0x0000000710000000, 0x0000000710200000|  0%| F|  |TAMS 0x0000000710000000, 0x0000000710000000| Untracked 
|  55|0x0000000710200000, 0x0000000710200000, 0x0000000710400000|  0%| F|  |TAMS 0x0000000710200000, 0x0000000710200000| Untracked 
|  56|0x0000000710400000, 0x0000000710400000, 0x0000000710600000|  0%| F|  |TAMS 0x0000000710400000, 0x0000000710400000| Untracked 
|  57|0x0000000710600000, 0x0000000710600000, 0x0000000710800000|  0%| F|  |TAMS 0x0000000710600000, 0x0000000710600000| Untracked 
|  58|0x0000000710800000, 0x0000000710800000, 0x0000000710a00000|  0%| F|  |TAMS 0x0000000710800000, 0x0000000710800000| Untracked 
|  59|0x0000000710a00000, 0x0000000710a00000, 0x0000000710c00000|  0%| F|  |TAMS 0x0000000710a00000, 0x0000000710a00000| Untracked 
|  60|0x0000000710c00000, 0x0000000710c00000, 0x0000000710e00000|  0%| F|  |TAMS 0x0000000710c00000, 0x0000000710c00000| Untracked 
|  61|0x0000000710e00000, 0x0000000710e00000, 0x0000000711000000|  0%| F|  |TAMS 0x0000000710e00000, 0x0000000710e00000| Untracked 
|  62|0x0000000711000000, 0x0000000711000000, 0x0000000711200000|  0%| F|  |TAMS 0x0000000711000000, 0x0000000711000000| Untracked 
|  63|0x0000000711200000, 0x0000000711200000, 0x0000000711400000|  0%| F|  |TAMS 0x0000000711200000, 0x0000000711200000| Untracked 
|  64|0x0000000711400000, 0x0000000711400000, 0x0000000711600000|  0%| F|  |TAMS 0x0000000711400000, 0x0000000711400000| Untracked 
|  65|0x0000000711600000, 0x0000000711600000, 0x0000000711800000|  0%| F|  |TAMS 0x0000000711600000, 0x0000000711600000| Untracked 
|  66|0x0000000711800000, 0x0000000711800000, 0x0000000711a00000|  0%| F|  |TAMS 0x0000000711800000, 0x0000000711800000| Untracked 
|  67|0x0000000711a00000, 0x0000000711a00000, 0x0000000711c00000|  0%| F|  |TAMS 0x0000000711a00000, 0x0000000711a00000| Untracked 
|  68|0x0000000711c00000, 0x0000000711c00000, 0x0000000711e00000|  0%| F|  |TAMS 0x0000000711c00000, 0x0000000711c00000| Untracked 
|  69|0x0000000711e00000, 0x0000000711e00000, 0x0000000712000000|  0%| F|  |TAMS 0x0000000711e00000, 0x0000000711e00000| Untracked 
|  70|0x0000000712000000, 0x0000000712000000, 0x0000000712200000|  0%| F|  |TAMS 0x0000000712000000, 0x0000000712000000| Untracked 
|  71|0x0000000712200000, 0x0000000712200000, 0x0000000712400000|  0%| F|  |TAMS 0x0000000712200000, 0x0000000712200000| Untracked 
|  72|0x0000000712400000, 0x0000000712400000, 0x0000000712600000|  0%| F|  |TAMS 0x0000000712400000, 0x0000000712400000| Untracked 
|  73|0x0000000712600000, 0x0000000712600000, 0x0000000712800000|  0%| F|  |TAMS 0x0000000712600000, 0x0000000712600000| Untracked 
|  74|0x0000000712800000, 0x0000000712800000, 0x0000000712a00000|  0%| F|  |TAMS 0x0000000712800000, 0x0000000712800000| Untracked 
|  75|0x0000000712a00000, 0x0000000712a00000, 0x0000000712c00000|  0%| F|  |TAMS 0x0000000712a00000, 0x0000000712a00000| Untracked 
|  76|0x0000000712c00000, 0x0000000712c00000, 0x0000000712e00000|  0%| F|  |TAMS 0x0000000712c00000, 0x0000000712c00000| Untracked 
|  77|0x0000000712e00000, 0x0000000712e00000, 0x0000000713000000|  0%| F|  |TAMS 0x0000000712e00000, 0x0000000712e00000| Untracked 
|  78|0x0000000713000000, 0x0000000713000000, 0x0000000713200000|  0%| F|  |TAMS 0x0000000713000000, 0x0000000713000000| Untracked 
|  79|0x0000000713200000, 0x0000000713200000, 0x0000000713400000|  0%| F|  |TAMS 0x0000000713200000, 0x0000000713200000| Untracked 
|  80|0x0000000713400000, 0x0000000713400000, 0x0000000713600000|  0%| F|  |TAMS 0x0000000713400000, 0x0000000713400000| Untracked 
|  81|0x0000000713600000, 0x0000000713600000, 0x0000000713800000|  0%| F|  |TAMS 0x0000000713600000, 0x0000000713600000| Untracked 
|  82|0x0000000713800000, 0x0000000713800000, 0x0000000713a00000|  0%| F|  |TAMS 0x0000000713800000, 0x0000000713800000| Untracked 
|  83|0x0000000713a00000, 0x0000000713a00000, 0x0000000713c00000|  0%| F|  |TAMS 0x0000000713a00000, 0x0000000713a00000| Untracked 
|  84|0x0000000713c00000, 0x0000000713c00000, 0x0000000713e00000|  0%| F|  |TAMS 0x0000000713c00000, 0x0000000713c00000| Untracked 
|  85|0x0000000713e00000, 0x0000000713e00000, 0x0000000714000000|  0%| F|  |TAMS 0x0000000713e00000, 0x0000000713e00000| Untracked 
|  86|0x0000000714000000, 0x0000000714000000, 0x0000000714200000|  0%| F|  |TAMS 0x0000000714000000, 0x0000000714000000| Untracked 
|  87|0x0000000714200000, 0x0000000714200000, 0x0000000714400000|  0%| F|  |TAMS 0x0000000714200000, 0x0000000714200000| Untracked 
|  88|0x0000000714400000, 0x0000000714400000, 0x0000000714600000|  0%| F|  |TAMS 0x0000000714400000, 0x0000000714400000| Untracked 
|  89|0x0000000714600000, 0x0000000714600000, 0x0000000714800000|  0%| F|  |TAMS 0x0000000714600000, 0x0000000714600000| Untracked 
|  90|0x0000000714800000, 0x0000000714800000, 0x0000000714a00000|  0%| F|  |TAMS 0x0000000714800000, 0x0000000714800000| Untracked 
|  91|0x0000000714a00000, 0x0000000714a00000, 0x0000000714c00000|  0%| F|  |TAMS 0x0000000714a00000, 0x0000000714a00000| Untracked 
|  92|0x0000000714c00000, 0x0000000714c00000, 0x0000000714e00000|  0%| F|  |TAMS 0x0000000714c00000, 0x0000000714c00000| Untracked 
|  93|0x0000000714e00000, 0x0000000714e00000, 0x0000000715000000|  0%| F|  |TAMS 0x0000000714e00000, 0x0000000714e00000| Untracked 
|  94|0x0000000715000000, 0x0000000715000000, 0x0000000715200000|  0%| F|  |TAMS 0x0000000715000000, 0x0000000715000000| Untracked 
|  95|0x0000000715200000, 0x0000000715200000, 0x0000000715400000|  0%| F|  |TAMS 0x0000000715200000, 0x0000000715200000| Untracked 
|  96|0x0000000715400000, 0x0000000715400000, 0x0000000715600000|  0%| F|  |TAMS 0x0000000715400000, 0x0000000715400000| Untracked 
|  97|0x0000000715600000, 0x0000000715600000, 0x0000000715800000|  0%| F|  |TAMS 0x0000000715600000, 0x0000000715600000| Untracked 
|  98|0x0000000715800000, 0x0000000715800000, 0x0000000715a00000|  0%| F|  |TAMS 0x0000000715800000, 0x0000000715800000| Untracked 
|  99|0x0000000715a00000, 0x0000000715a00000, 0x0000000715c00000|  0%| F|  |TAMS 0x0000000715a00000, 0x0000000715a00000| Untracked 
| 100|0x0000000715c00000, 0x0000000715c00000, 0x0000000715e00000|  0%| F|  |TAMS 0x0000000715c00000, 0x0000000715c00000| Untracked 
| 101|0x0000000715e00000, 0x0000000715e00000, 0x0000000716000000|  0%| F|  |TAMS 0x0000000715e00000, 0x0000000715e00000| Untracked 
| 102|0x0000000716000000, 0x0000000716000000, 0x0000000716200000|  0%| F|  |TAMS 0x0000000716000000, 0x0000000716000000| Untracked 
| 103|0x0000000716200000, 0x0000000716200000, 0x0000000716400000|  0%| F|  |TAMS 0x0000000716200000, 0x0000000716200000| Untracked 
| 104|0x0000000716400000, 0x0000000716400000, 0x0000000716600000|  0%| F|  |TAMS 0x0000000716400000, 0x0000000716400000| Untracked 
| 105|0x0000000716600000, 0x0000000716600000, 0x0000000716800000|  0%| F|  |TAMS 0x0000000716600000, 0x0000000716600000| Untracked 
| 106|0x0000000716800000, 0x0000000716800000, 0x0000000716a00000|  0%| F|  |TAMS 0x0000000716800000, 0x0000000716800000| Untracked 
| 107|0x0000000716a00000, 0x0000000716a00000, 0x0000000716c00000|  0%| F|  |TAMS 0x0000000716a00000, 0x0000000716a00000| Untracked 
| 108|0x0000000716c00000, 0x0000000716c00000, 0x0000000716e00000|  0%| F|  |TAMS 0x0000000716c00000, 0x0000000716c00000| Untracked 
| 109|0x0000000716e00000, 0x0000000716e00000, 0x0000000717000000|  0%| F|  |TAMS 0x0000000716e00000, 0x0000000716e00000| Untracked 
| 110|0x0000000717000000, 0x0000000717000000, 0x0000000717200000|  0%| F|  |TAMS 0x0000000717000000, 0x0000000717000000| Untracked 
| 111|0x0000000717200000, 0x0000000717200000, 0x0000000717400000|  0%| F|  |TAMS 0x0000000717200000, 0x0000000717200000| Untracked 
| 112|0x0000000717400000, 0x0000000717400000, 0x0000000717600000|  0%| F|  |TAMS 0x0000000717400000, 0x0000000717400000| Untracked 
| 113|0x0000000717600000, 0x0000000717600000, 0x0000000717800000|  0%| F|  |TAMS 0x0000000717600000, 0x0000000717600000| Untracked 
| 114|0x0000000717800000, 0x0000000717800000, 0x0000000717a00000|  0%| F|  |TAMS 0x0000000717800000, 0x0000000717800000| Untracked 
| 115|0x0000000717a00000, 0x0000000717a00000, 0x0000000717c00000|  0%| F|  |TAMS 0x0000000717a00000, 0x0000000717a00000| Untracked 
| 116|0x0000000717c00000, 0x0000000717c00000, 0x0000000717e00000|  0%| F|  |TAMS 0x0000000717c00000, 0x0000000717c00000| Untracked 
| 117|0x0000000717e00000, 0x0000000717e00000, 0x0000000718000000|  0%| F|  |TAMS 0x0000000717e00000, 0x0000000717e00000| Untracked 
| 118|0x0000000718000000, 0x0000000718000000, 0x0000000718200000|  0%| F|  |TAMS 0x0000000718000000, 0x0000000718000000| Untracked 
| 119|0x0000000718200000, 0x0000000718200000, 0x0000000718400000|  0%| F|  |TAMS 0x0000000718200000, 0x0000000718200000| Untracked 
| 120|0x0000000718400000, 0x0000000718400000, 0x0000000718600000|  0%| F|  |TAMS 0x0000000718400000, 0x0000000718400000| Untracked 
| 121|0x0000000718600000, 0x0000000718600000, 0x0000000718800000|  0%| F|  |TAMS 0x0000000718600000, 0x0000000718600000| Untracked 
| 122|0x0000000718800000, 0x00000007188e6218, 0x0000000718a00000| 44%| E|  |TAMS 0x0000000718800000, 0x0000000718800000| Complete 
| 123|0x0000000718a00000, 0x0000000718c00000, 0x0000000718c00000|100%| E|CS|TAMS 0x0000000718a00000, 0x0000000718a00000| Complete 

Card table byte_map: [0x00000201f0590000,0x00000201f0d50000] _byte_map_base: 0x00000201ecd46000

Marking Bits (Prev, Next): (CMBitMap*) 0x00000201d8ac89e0, (CMBitMap*) 0x00000201d8ac8a20
 Prev Bits: [0x00000201f1510000, 0x00000201f52c0000)
 Next Bits: [0x00000201f52c0000, 0x00000201f9070000)

Polling page: 0x00000201d8240000

Metaspace:

Usage:
  Non-class:    546.85 KB used.
      Class:     59.63 KB used.
       Both:    606.48 KB used.

Virtual space:
  Non-class space:        8.00 MB reserved,     576.00 KB (  7%) committed,  1 nodes.
      Class space:        1.00 GB reserved,     128.00 KB ( <1%) committed,  1 nodes.
             Both:        1.01 GB reserved,     704.00 KB ( <1%) committed. 

Chunk freelists:
   Non-Class:  3.83 MB
       Class:  3.72 MB
        Both:  7.55 MB

MaxMetaspaceSize: unlimited
CompressedClassSpaceSize: 1.00 GB
Initial GC threshold: 21.00 MB
Current GC threshold: 21.00 MB
CDS: on
MetaspaceReclaimPolicy: balanced
 - commit_granule_bytes: 65536.
 - commit_granule_words: 8192.
 - virtual_space_node_default_size: 1048576.
 - enlarge_chunks_in_place: 1.
 - new_chunks_are_fully_committed: 0.
 - uncommit_free_chunks: 1.
 - use_allocation_guard: 0.
 - handle_deallocations: 1.


Internal statistics:

num_allocs_failed_limit: 0.
num_arena_births: 4.
num_arena_deaths: 0.
num_vsnodes_births: 2.
num_vsnodes_deaths: 0.
num_space_committed: 11.
num_space_uncommitted: 0.
num_chunks_returned_to_freelist: 0.
num_chunks_taken_from_freelist: 16.
num_chunk_merges: 0.
num_chunk_splits: 8.
num_chunks_enlarged: 8.
num_purges: 0.
num_inconsistent_stats: 0.

CodeHeap 'non-profiled nmethods': size=119168Kb used=34Kb max_used=34Kb free=119133Kb
 bounds [0x00000201e80f0000, 0x00000201e8360000, 0x00000201ef550000]
CodeHeap 'profiled nmethods': size=119104Kb used=222Kb max_used=222Kb free=118881Kb
 bounds [0x00000201e0ca0000, 0x00000201e0f10000, 0x00000201e80f0000]
CodeHeap 'non-nmethods': size=7488Kb used=1642Kb max_used=1655Kb free=5845Kb
 bounds [0x00000201e0550000, 0x00000201e07c0000, 0x00000201e0ca0000]
 total_blobs=523 nmethods=174 adapters=261
 compilation: enabled
              stopped_count=0, restarted_count=0
 full_count=0

Compilation events (20 events):
Event: 0.092 Thread 0x00000201fcd05e30  163       1       java.net.URL::getPort (5 bytes)
Event: 0.092 Thread 0x00000201fcd05e30 nmethod 163 0x00000201e80f6a90 code [0x00000201e80f6c20, 0x00000201e80f6cf8]
Event: 0.092 Thread 0x00000201fcd05e30  164       1       java.net.URL::getAuthority (5 bytes)
Event: 0.092 Thread 0x00000201fc0f79b0  165       1       java.net.URL::getPath (5 bytes)
Event: 0.092 Thread 0x00000201fc0f4ff0  168       4       java.lang.String::isLatin1 (19 bytes)
Event: 0.092 Thread 0x00000201fcd05e30 nmethod 164 0x00000201e80f6d90 code [0x00000201e80f6f20, 0x00000201e80f6ff8]
Event: 0.092 Thread 0x00000201fcd05e30  166       1       java.net.URL::getQuery (5 bytes)
Event: 0.092 Thread 0x00000201fc0f79b0 nmethod 165 0x00000201e80f7090 code [0x00000201e80f7220, 0x00000201e80f72f8]
Event: 0.092 Thread 0x00000201fc0f79b0  167       1       java.net.URL::getRef (5 bytes)
Event: 0.092 Thread 0x00000201fc0f79b0 nmethod 167 0x00000201e80f7390 code [0x00000201e80f7520, 0x00000201e80f75f8]
Event: 0.092 Thread 0x00000201fcd05e30 nmethod 166 0x00000201e80f7690 code [0x00000201e80f7820, 0x00000201e80f78f8]
Event: 0.092 Thread 0x00000201fc0f4ff0 nmethod 168 0x00000201e80f7990 code [0x00000201e80f7b00, 0x00000201e80f7b98]
Event: 0.092 Thread 0x00000201fcd05e30  169       3       java.lang.ClassLoader::checkName (37 bytes)
Event: 0.092 Thread 0x00000201fc0f79b0  170       1       jdk.internal.loader.URLClassPath$Loader::getBaseURL (5 bytes)
Event: 0.092 Thread 0x00000201fc0f79b0 nmethod 170 0x00000201e80f7c90 code [0x00000201e80f7e20, 0x00000201e80f7ef8]
Event: 0.093 Thread 0x00000201fcd05e30 nmethod 169 0x00000201e0cd6790 code [0x00000201e0cd69e0, 0x00000201e0cd73d8]
Event: 0.094 Thread 0x00000201fc0f4ff0  171       4       java.lang.Object::<init> (1 bytes)
Event: 0.094 Thread 0x00000201fc0f4ff0 nmethod 171 0x00000201e80f7f90 code [0x00000201e80f8100, 0x00000201e80f81b8]
Event: 0.095 Thread 0x00000201fcd05e30  173       1       java.util.ArrayList::size (5 bytes)
Event: 0.095 Thread 0x00000201fcd05e30 nmethod 173 0x00000201e80f8590 code [0x00000201e80f8720, 0x00000201e80f87f8]

GC Heap History (0 events):
No events

Deoptimization events (0 events):
No events

Classes unloaded (0 events):
No events

Classes redefined (0 events):
No events

Internal exceptions (1 events):
Event: 0.077 Thread 0x00000201d8a5da40 Exception <a 'java/lang/NoClassDefFoundError'{0x000000071881c2f8}: org/slf4j/impl/StaticLoggerBinder> (0x000000071881c2f8) 
thrown [s\src\hotspot\share\classfile\systemDictionary.cpp, line 245]

VM Operations (4 events):
Event: 0.055 Executing VM operation: HandshakeAllThreads
Event: 0.055 Executing VM operation: HandshakeAllThreads done
Event: 0.093 Executing VM operation: HandshakeAllThreads
Event: 0.093 Executing VM operation: HandshakeAllThreads done

Events (20 events):
Event: 0.087 loading class java/util/Collections$SynchronizedList
Event: 0.087 loading class java/util/Collections$SynchronizedList done
Event: 0.087 loading class java/util/Collections$SynchronizedRandomAccessList done
Event: 0.088 loading class java/util/concurrent/atomic/AtomicBoolean
Event: 0.088 loading class java/util/concurrent/atomic/AtomicBoolean done
Event: 0.093 loading class java/util/concurrent/Executors
Event: 0.093 loading class java/util/concurrent/Executors done
Event: 0.093 loading class java/util/concurrent/Executors$FinalizableDelegatedExecutorService
Event: 0.093 loading class java/util/concurrent/Executors$DelegatedExecutorService
Event: 0.093 loading class java/util/concurrent/Executors$DelegatedExecutorService done
Event: 0.093 loading class java/util/concurrent/Executors$FinalizableDelegatedExecutorService done
Event: 0.093 loading class java/util/concurrent/ThreadPoolExecutor
Event: 0.094 loading class java/util/concurrent/ThreadPoolExecutor done
Event: 0.094 loading class java/util/concurrent/ThreadPoolExecutor$AbortPolicy
Event: 0.094 loading class java/util/concurrent/RejectedExecutionHandler
Event: 0.094 loading class java/util/concurrent/RejectedExecutionHandler done
Event: 0.094 loading class java/util/concurrent/ThreadPoolExecutor$AbortPolicy done
Event: 0.094 loading class java/util/concurrent/ArrayBlockingQueue
Event: 0.094 loading class java/util/concurrent/ArrayBlockingQueue done
Event: 0.095 Thread 0x00000201fcd7b030 Thread added: 0x00000201fcd7b030


Dynamic libraries:
0x00007ff740580000 - 0x00007ff74058e000 	C:\Program Files\Eclipse Adoptium\jdk-17.0.4.101-hotspot\bin\java.exe
0x00007ff9d7ef0000 - 0x00007ff9d80e8000 	C:\Windows\SYSTEM32\ntdll.dll
0x00007ff9d6460000 - 0x00007ff9d651d000 	C:\Windows\System32\KERNEL32.DLL
0x00007ff9d56c0000 - 0x00007ff9d5992000 	C:\Windows\System32\KERNELBASE.dll
0x00007ff9d5c50000 - 0x00007ff9d5d50000 	C:\Windows\System32\ucrtbase.dll
0x00007ff9cc620000 - 0x00007ff9cc638000 	C:\Program Files\Eclipse Adoptium\jdk-17.0.4.101-hotspot\bin\jli.dll
0x00007ff9cbd60000 - 0x00007ff9cbd79000 	C:\Program Files\Eclipse Adoptium\jdk-17.0.4.101-hotspot\bin\VCRUNTIME140.dll
0x00007ff9d60a0000 - 0x00007ff9d623d000 	C:\Windows\System32\USER32.dll
0x00007ff9d5600000 - 0x00007ff9d5622000 	C:\Windows\System32\win32u.dll
0x00007ff9d75e0000 - 0x00007ff9d760b000 	C:\Windows\System32\GDI32.dll
0x00007ff9c1030000 - 0x00007ff9c12ca000 	C:\Windows\WinSxS\amd64_microsoft.windows.common-controls_6595b64144ccf1df_6.0.19041.1110_none_60b5254171f9507e\COMCTL32.dll
0x00007ff9d5d80000 - 0x00007ff9d5e8f000 	C:\Windows\System32\gdi32full.dll
0x00007ff9d7c10000 - 0x00007ff9d7cae000 	C:\Windows\System32\msvcrt.dll
0x00007ff9d59a0000 - 0x00007ff9d5a3d000 	C:\Windows\System32\msvcp_win.dll
0x00007ff9d7610000 - 0x00007ff9d7640000 	C:\Windows\System32\IMM32.DLL
0x00007ff9ced10000 - 0x00007ff9ced1c000 	C:\Program Files\Eclipse Adoptium\jdk-17.0.4.101-hotspot\bin\vcruntime140_1.dll
0x00007ff995460000 - 0x00007ff9954f1000 	C:\Program Files\Eclipse Adoptium\jdk-17.0.4.101-hotspot\bin\msvcp140.dll
0x00007ff93d430000 - 0x00007ff93e076000 	C:\Program Files\Eclipse Adoptium\jdk-17.0.4.101-hotspot\bin\server\jvm.dll
0x00007ff9d7d60000 - 0x00007ff9d7e0e000 	C:\Windows\System32\ADVAPI32.dll
0x00007ff9d7e10000 - 0x00007ff9d7eac000 	C:\Windows\System32\sechost.dll
0x00007ff9d73c0000 - 0x00007ff9d74e5000 	C:\Windows\System32\RPCRT4.dll
0x00007ff9d74f0000 - 0x00007ff9d74f8000 	C:\Windows\System32\PSAPI.DLL
0x00007ff9bef90000 - 0x00007ff9bef99000 	C:\Windows\SYSTEM32\WSOCK32.dll
0x00007ff9cdd40000 - 0x00007ff9cdd4a000 	C:\Windows\SYSTEM32\VERSION.dll
0x00007ff9d62c0000 - 0x00007ff9d632b000 	C:\Windows\System32\WS2_32.dll
0x00007ff9c6d90000 - 0x00007ff9c6db7000 	C:\Windows\SYSTEM32\WINMM.dll
0x00007ff9d34a0000 - 0x00007ff9d34b2000 	C:\Windows\SYSTEM32\kernel.appcore.dll
0x00007ff9ce3b0000 - 0x00007ff9ce3ba000 	C:\Program Files\Eclipse Adoptium\jdk-17.0.4.101-hotspot\bin\jimage.dll
0x00007ff9cc9b0000 - 0x00007ff9ccb94000 	C:\Windows\SYSTEM32\DBGHELP.DLL
0x00007ff9c96f0000 - 0x00007ff9c971c000 	C:\Windows\SYSTEM32\dbgcore.DLL
0x00007ff9d5630000 - 0x00007ff9d56b2000 	C:\Windows\System32\bcryptPrimitives.dll
0x00007ff9c9840000 - 0x00007ff9c9865000 	C:\Program Files\Eclipse Adoptium\jdk-17.0.4.101-hotspot\bin\java.dll
0x00007ff9853b0000 - 0x00007ff985486000 	C:\Program Files\Eclipse Adoptium\jdk-17.0.4.101-hotspot\bin\jsvml.dll
0x00007ff9d6c10000 - 0x00007ff9d7353000 	C:\Windows\System32\SHELL32.dll
0x00007ff9d36c0000 - 0x00007ff9d3e51000 	C:\Windows\SYSTEM32\windows.storage.dll
0x00007ff9d78a0000 - 0x00007ff9d7bf4000 	C:\Windows\System32\combase.dll
0x00007ff9d4ff0000 - 0x00007ff9d5020000 	C:\Windows\SYSTEM32\Wldp.dll
0x00007ff9d77f0000 - 0x00007ff9d789d000 	C:\Windows\System32\SHCORE.dll
0x00007ff9d7360000 - 0x00007ff9d73b5000 	C:\Windows\System32\shlwapi.dll
0x00007ff9d5540000 - 0x00007ff9d555f000 	C:\Windows\SYSTEM32\profapi.dll
0x00007ff9c8c80000 - 0x00007ff9c8c99000 	C:\Program Files\Eclipse Adoptium\jdk-17.0.4.101-hotspot\bin\net.dll
0x00007ff9d05a0000 - 0x00007ff9d06ad000 	C:\Windows\SYSTEM32\WINHTTP.dll
0x00007ff9d4d50000 - 0x00007ff9d4dba000 	C:\Windows\system32\mswsock.dll
0x00007ff9c8a00000 - 0x00007ff9c8a15000 	C:\Program Files\Eclipse Adoptium\jdk-17.0.4.101-hotspot\bin\nio.dll
0x00007ff9adbf0000 - 0x00007ff9adc08000 	C:\Program Files\Eclipse Adoptium\jdk-17.0.4.101-hotspot\bin\zip.dll
0x00007ff9ce390000 - 0x00007ff9ce3a0000 	C:\Program Files\Eclipse Adoptium\jdk-17.0.4.101-hotspot\bin\verify.dll
0x0000000071100000 - 0x0000000071125000 	C:\Users\crepi\.jssc\windows\jSSC-2.8_x86_64.dll

dbghelp: loaded successfully - version: 4.0.5 - missing functions: none
symbol engine: initialized successfully - sym options: 0x614 - pdb path: .;C:\Program Files\Eclipse Adoptium\jdk-17.0.4.101-hotspot\bin;C:\Windows\SYSTEM32;C:\Windows\WinSxS\amd64_microsoft.windows.common-controls_6595b64144ccf1df_6.0.19041.1110_none_60b5254171f9507e;C:\Program Files\Eclipse Adoptium\jdk-17.0.4.101-hotspot\bin\server;C:\Users\crepi\.jssc\windows

VM Arguments:
jvm_args: -XX:+ShowCodeDetailsInExceptionMessages 
java_command: Projet
java_class_path (initial): C:\Users\crepi\AppData\Roaming\Code\User\workspaceStorage\65e37f1ef941abebffdd5fa26d67cfbc\redhat.java\jdt_ws\ProjetJava_cad06729\bin;d:\Programme IDO Niveau2\Session1 Automne2022\PROG1284\ProjetJava\firmata4j-2.3.8.jar;c:\Users\crepi\OneDrive\Bureau\slf4j-api-1.7.25.jar;d:\Programme IDO Niveau2\Session1 Automne2022\PROG1284\ProjetJava\jssc-2.8.0.jar
Launcher Type: SUN_STANDARD

[Global flags]
     intx CICompilerCount                          = 12                                        {product} {ergonomic}
     uint ConcGCThreads                            = 3                                         {product} {ergonomic}
     uint G1ConcRefinementThreads                  = 13                                        {product} {ergonomic}
   size_t G1HeapRegionSize                         = 2097152                                   {product} {ergonomic}
    uintx GCDrainStackTargetSize                   = 64                                        {product} {ergonomic}
   size_t InitialHeapSize                          = 260046848                                 {product} {ergonomic}
   size_t MarkStackSize                            = 4194304                                   {product} {ergonomic}
   size_t MaxHeapSize                              = 4139778048                                {product} {ergonomic}
   size_t MaxNewSize                               = 2483027968                                {product} {ergonomic}
   size_t MinHeapDeltaBytes                        = 2097152                                   {product} {ergonomic}
   size_t MinHeapSize                              = 8388608                                   {product} {ergonomic}
    uintx NonNMethodCodeHeapSize                   = 7602480                                {pd product} {ergonomic}
    uintx NonProfiledCodeHeapSize                  = 122027880                              {pd product} {ergonomic}
    uintx ProfiledCodeHeapSize                     = 122027880                              {pd product} {ergonomic}
    uintx ReservedCodeCacheSize                    = 251658240                              {pd product} {ergonomic}
     bool SegmentedCodeCache                       = true                                      {product} {ergonomic}
     bool ShowCodeDetailsInExceptionMessages       = true                                   {manageable} {command line}
   size_t SoftMaxHeapSize                          = 4139778048                             {manageable} {ergonomic}
     bool UseCompressedClassPointers               = true                           {product lp64_product} {ergonomic}
     bool UseCompressedOops                        = true                           {product lp64_product} {ergonomic}
     bool UseG1GC                                  = true                                      {product} {ergonomic}
     bool UseLargePagesIndividualAllocation        = false                                  {pd product} {ergonomic}

Logging:
Log output configuration:
 #0: stdout all=warning uptime,level,tags
 #1: stderr all=off uptime,level,tags

Environment Variables:
PATH=C:\Program Files\Common Files\Oracle\Java\javapath;C:\Program Files\Eclipse Adoptium\jdk-17.0.4.101-hotspot\bin;C:\Windows\system32;C:\Windows;C:\Windows\System32\Wbem;C:\Windows\System32\WindowsPowerShell\v1.0\;C:\Windows\System32\OpenSSH\;C:\Program Files (x86)\NVIDIA Corporation\PhysX\Common;C:\Program Files\NVIDIA Corporation\NVIDIA NvDLISR;C:\Program Files\Java\jdk-17.0.4.1\bin;C:\Program Files\PuTTY\;C:\Users\crepi\AppData\Local\Microsoft\WindowsApps;C:\Users\crepi\AppData\Local\Programs\Microsoft VS Code\bin;C:\Users\crepi\AppData\Local\Programs\Python\Python310\Scripts;
USERNAME=crepi
LANG=fr_FR.UTF-8
OS=Windows_NT
PROCESSOR_IDENTIFIER=AMD64 Family 23 Model 96 Stepping 1, AuthenticAMD
TMP=C:\Users\crepi\AppData\Local\Temp
TEMP=C:\Users\crepi\AppData\Local\Temp



---------------  S Y S T E M  ---------------

OS:
 Windows 10 , 64 bit Build 19041 (10.0.19041.1889)
OS uptime: 0 days 7:14 hours

CPU: total 16 (initial active 16) (16 cores per cpu, 2 threads per core) family 23 model 96 stepping 1 microcode 0x0, cx8, cmov, fxsr, ht, mmx, 3dnowpref, sse, sse2, sse3, ssse3, sse4a, sse4.1, sse4.2, popcnt, lzcnt, tsc, tscinvbit, avx, avx2, aes, clmul, bmi1, bmi2, adx, sha, fma, vzeroupper, clflush, clflushopt

Memory: 4k page, system-wide physical 15790M (6910M free)
TotalPageFile size 28078M (AvailPageFile size 14751M)
current process WorkingSet (physical memory assigned to process): 31M, peak: 31M
current process commit charge ("private bytes"): 345M, peak: 345M

vm_info: OpenJDK 64-Bit Server VM (17.0.4.1+1) for windows-amd64 JRE (17.0.4.1+1), built on Aug 17 2022 07:42:43 by "temurin" with MS VC++ 16.7 (VS2019)

END.
