#
# A fatal error has been detected by the Java Runtime Environment:
#
#  EXCEPTION_ACCESS_VIOLATION (0xc0000005) at pc=0x000000007110b5db, pid=19352, tid=20544
#
# JRE version: OpenJDK Runtime Environment Temurin-17.0.4.1+1 (17.0.4.1+1) (build 17.0.4.1+1)
# Java VM: OpenJDK 64-Bit Server VM Temurin-17.0.4.1+1 (17.0.4.1+1, mixed mode, sharing, tiered, compressed oops, compressed class ptrs, g1 gc, windows-amd64)
# Problematic frame:
# C  [jSSC-2.8_x86_64.dll+0xb5db]
#
# No core dump will be written. Minidumps are not enabled by default on client versions of Windows
#
# If you would like to submit a bug report, please visit:
#   https://github.com/adoptium/adoptium-support/issues
# The crash happened outside the Java Virtual Machine in native code.
# See problematic frame for where to report the bug.
#

---------------  S U M M A R Y ------------

Command Line: -XX:+ShowCodeDetailsInExceptionMessages Projet

Host: AMD Ryzen 7 4800H with Radeon Graphics         , 16 cores, 15G,  Windows 10 , 64 bit Build 19041 (10.0.19041.1889)
Time: Wed Oct 12 23:32:41 2022 Atlantique (heure dt Build 19041 (10.0.19041.1889) elapsed time: 0.097168 seconds (0d 0h 0m 0s)

---------------  T H R E A D  ---------------

Current thread (0x0000013bf1c0be30):  JavaThread "main" [_thread_in_native, id=20544, stack(0x0000002e84400000,0x0000002e84500000)]

Stack: [0x0000002e84400000,0x0000002e84500000],  sp=0x0000002e844fecc0,  free space=1019k
Native frames: (J=compiled Java code, j=interpreted, Vv=VM code, C=native code)
C  [jSSC-2.8_x86_64.dll+0xb5db]

Java frames: (J=compiled Java code, j=interpreted, Vv=VM code)
j  jssc.SerialNativeInterface.openPort(Ljava/lang/String;Z)J+0
j  jssc.SerialPort.openPort()Z+65
j  org.firmata4j.transport.SerialTransport.start()V+14
j  org.firmata4j.firmata.FirmataDevice.start()V+24
j  Projet.main([Ljava/lang/String;)V+14
v  ~StubRoutines::call_stub

siginfo: EXCEPTION_ACCESS_VIOLATION (0xc0000005), reading address 0xffffffffefc41b7b


Register to memory mapping:

RIP=0x000000007110b5db jSSC-2.8_x86_64.dll
RAX=0xffffffffefc41b7b is an unknown value
RBX=0x0000002e844fed30 is pointing into the stack for thread: 0x0000013bf1c0be30
RCX=0x00007ff9d7f8d2a4 ntdll.dll
RDX=0x0 is NULL
RSP=0x0000002e844fecc0 is pointing into the stack for thread: 0x0000013bf1c0be30
RBP=0x0000002e844fee40 is pointing into the stack for thread: 0x0000013bf1c0be30
RSI=0x0000013bf1c0c0d8 points into unknown readable memory: 0x00007ff93df2f7e0 | e0 f7 f2 3d f9 7f 00 00
RDI=0x0000000000000468 is an unknown value
R8 =0x0000002e844febb8 is pointing into the stack for thread: 0x0000013bf1c0be30
R9 =0x0000002e844fecb0 is pointing into the stack for thread: 0x0000013bf1c0be30
R10=0x0 is NULL
R11=0x0000000000000246 is an unknown value
R12=0x0000002e844feef8 is pointing into the stack for thread: 0x0000013bf1c0be30
R13=0x0000013b95e7c3c0 points into unknown readable memory: 0x00000000334d4f43 | 43 4f 4d 33 00 00 00 00
R14=0x0000002e844fedf0 is pointing into the stack for thread: 0x0000013bf1c0be30
R15=0x0000013bf1c0be30 is a thread


Registers:
RAX=0xffffffffefc41b7b, RBX=0x0000002e844fed30, RCX=0x00007ff9d7f8d2a4, RDX=0x0000000000000000
RSP=0x0000002e844fecc0, RBP=0x0000002e844fee40, RSI=0x0000013bf1c0c0d8, RDI=0x0000000000000468
R8 =0x0000002e844febb8, R9 =0x0000002e844fecb0, R10=0x0000000000000000, R11=0x0000000000000246
R12=0x0000002e844feef8, R13=0x0000013b95e7c3c0, R14=0x0000002e844fedf0, R15=0x0000013bf1c0be30
RIP=0x000000007110b5db, EFLAGS=0x0000000000010202

Top of Stack: (sp=0x0000002e844fecc0)
0x0000002e844fecc0:   0000013b95ed2b10 0000013b95e7c1d0
0x0000002e844fecd0:   000000007110b230 0000013befa70000
0x0000002e844fece0:   0000013bef9c0000 0000000000000004
0x0000002e844fecf0:   0000013bf1c0c0d8 0000000000000468
0x0000002e844fed00:   0000002e844fee40 0000000071112590
0x0000002e844fed10:   0000013bf1c0be30 0000002e844fedf0
0x0000002e844fed20:   0000013b95e7c3c0 0000002e844feef8
0x0000002e844fed30:   0000013b95e7c3c0 00007ff9d7f147b1
0x0000002e844fed40:   0000002e844fed70 0000013befa70000
0x0000002e844fed50:   0000002e844fee40 0000000000000000
0x0000002e844fed60:   0000000071113500 0000000071113be8
0x0000002e844fed70:   0000002e844feda0 0000000071112641
0x0000002e844fed80:   0000002e844fed10 0000013bf1c0c0d8
0x0000002e844fed90:   0000000000000000 0000000000000000
0x0000002e844feda0:   0000002e844fee40 0000000071101595
0x0000002e844fedb0:   000000000000001c 0000013b00000000 

Instructions: (pc=0x000000007110b5db)
0x000000007110b4db:   48 85 c0 74 bf 44 8b 03 45 85 c0 0f 84 77 ff ff
0x000000007110b4eb:   ff eb 9f 66 90 e8 8b fe ff ff 48 89 05 0c 34 01
0x000000007110b4fb:   00 eb ad 66 90 e8 7b fe ff ff 48 89 05 fc 33 01
0x000000007110b50b:   00 eb 8b e8 8d fe ff ff c7 03 01 00 00 00 e9 6f
0x000000007110b51b:   ff ff ff 66 90 55 48 89 e5 56 53 48 83 ec 20 48
0x000000007110b52b:   8b 05 d7 33 01 00 48 8b 31 48 89 cb 48 85 c0 74
0x000000007110b53b:   56 44 8b 18 45 85 db 78 42 48 8b 05 bd 33 01 00
0x000000007110b54b:   48 85 c0 74 50 44 8b 10 45 85 d2 74 1d 48 89 f1
0x000000007110b55b:   e8 d0 fd ff ff 48 8b 13 48 8d 42 40 48 8b 48 08
0x000000007110b56b:   48 8b 6a 40 48 8b 60 10 ff e1 48 8b 05 9c 33 01
0x000000007110b57b:   00 48 85 c0 74 2d 48 89 30 eb da e8 b5 fe ff ff
0x000000007110b58b:   0f 1f 44 00 00 eb b2 e8 e9 fd ff ff 48 89 05 6a
0x000000007110b59b:   33 01 00 eb 9c e8 db fd ff ff 48 89 05 5c 33 01
0x000000007110b5ab:   00 eb a2 e8 3d fd ff ff 48 89 05 5e 33 01 00 eb
0x000000007110b5bb:   c5 0f 1f 40 00 55 57 56 53 48 83 ec 28 48 8b 05
0x000000007110b5cb:   39 33 01 00 48 89 cb 48 85 c0 0f 84 c5 00 00 00
0x000000007110b5db:   8b 38 85 ff 0f 88 ab 00 00 00 48 8b 05 1c 33 01
0x000000007110b5eb:   00 48 85 c0 0f 84 bc 00 00 00 8b 30 85 f6 74 57
0x000000007110b5fb:   48 8b 05 0e 33 01 00 48 85 c0 0f 84 e5 00 00 00
0x000000007110b60b:   8b 28 48 8b 35 10 5e 01 00 ff d6 89 c7 89 e9 ff
0x000000007110b61b:   15 f4 5e 01 00 89 f9 48 89 c5 ff 15 b9 5e 01 00
0x000000007110b62b:   48 8b 05 de 32 01 00 48 89 2b 48 85 c0 74 46 48
0x000000007110b63b:   89 da 8b 08 ff 15 d7 5e 01 00 85 c0 74 27 48 83
0x000000007110b64b:   c4 28 5b 5e 5f 5d c3 48 8b 05 bf 32 01 00 48 85
0x000000007110b65b:   c0 74 64 48 8b 10 48 89 13 48 89 18 48 83 c4 28
0x000000007110b66b:   5b 5e 5f 5d c3 48 89 f2 48 83 c4 28 5b 5e 5f 5d
0x000000007110b67b:   48 ff e2 66 90 e8 8b fc ff ff 48 89 05 84 32 01
0x000000007110b68b:   00 eb ac 66 90 e8 ab fd ff ff e9 4b ff ff ff 66
0x000000007110b69b:   0f 1f 44 00 00 e8 db fc ff ff 48 89 05 5c 32 01
0x000000007110b6ab:   00 e9 2a ff ff ff e8 ca fc ff ff 48 89 05 4b 32
0x000000007110b6bb:   01 00 e9 33 ff ff ff e8 29 fc ff ff 48 89 05 4a
0x000000007110b6cb:   32 01 00 48 8b 10 48 85 c0 48 89 13 75 8b e8 12 


Stack slot to memory mapping:
stack at sp + 0 slots: 0x0000013b95ed2b10 points into unknown readable memory: 0x005c002e005c005c | 5c 00 5c 00 2e 00 5c 00
stack at sp + 1 slots: 0x0000013b95e7c1d0 points into unknown readable memory: 0x0000013b95e61d00 | 00 1d e6 95 3b 01 00 00
stack at sp + 2 slots: 0x000000007110b230 jSSC-2.8_x86_64.dll
stack at sp + 3 slots: 0x0000013befa70000 points into unknown readable memory: 0x0000000000000000 | 00 00 00 00 00 00 00 00
stack at sp + 4 slots: 0x0000013bef9c0000 points into unknown readable memory: 0x0000000000000000 | 00 00 00 00 00 00 00 00
stack at sp + 5 slots: 0x0000000000000004 is an unknown value
stack at sp + 6 slots: 0x0000013bf1c0c0d8 points into unknown readable memory: 0x00007ff93df2f7e0 | e0 f7 f2 3d f9 7f 00 00
stack at sp + 7 slots: 0x0000000000000468 is an unknown value


---------------  P R O C E S S  ---------------

Threads class SMR info:
_java_thread_list=0x0000013b95ecd940, length=15, elements={
0x0000013bf1c0be30, 0x0000013b952d32a0, 0x0000013b952d4f20, 0x0000013b95d3dc50,
0x0000013b95d3e510, 0x0000013b95d3eec0, 0x0000013b95d3f870, 0x0000013b95d45940,
0x0000013b95d47250, 0x0000013b95d55480, 0x0000013b95e78360, 0x0000013b95e78870,
0x0000013b95e7c5e0, 0x0000013b95e88660, 0x0000013b95eda6d0
}

Java Threads: ( => current thread )
=>0x0000013bf1c0be30 JavaThread "main" [_thread_in_native, id=20544, stack(0x0000002e84400000,0x0000002e84500000)]
  0x0000013b952d32a0 JavaThread "Reference Handler" daemon [_thread_blocked, id=26328, stack(0x0000002e84b00000,0x0000002e84c00000)]
  0x0000013b952d4f20 JavaThread "Finalizer" daemon [_thread_blocked, id=20336, stack(0x0000002e84c00000,0x0000002e84d00000)]
  0x0000013b95d3dc50 JavaThread "Signal Dispatcher" daemon [_thread_blocked, id=18568, stack(0x0000002e84d00000,0x0000002e84e00000)]
  0x0000013b95d3e510 JavaThread "Attach Listener" daemon [_thread_blocked, id=23244, stack(0x0000002e84e00000,0x0000002e84f00000)]
  0x0000013b95d3eec0 JavaThread "Service Thread" daemon [_thread_blocked, id=23540, stack(0x0000002e84f00000,0x0000002e85000000)]
  0x0000013b95d3f870 JavaThread "Monitor Deflation Thread" daemon [_thread_blocked, id=6528, stack(0x0000002e85000000,0x0000002e85100000)]
  0x0000013b95d45940 JavaThread "C2 CompilerThread0" daemon [_thread_blocked, id=3560, stack(0x0000002e85100000,0x0000002e85200000)]
  0x0000013b95d47250 JavaThread "C1 CompilerThread0" daemon [_thread_blocked, id=17424, stack(0x0000002e85200000,0x0000002e85300000)]
  0x0000013b95d55480 JavaThread "Sweeper thread" daemon [_thread_blocked, id=25068, stack(0x0000002e85300000,0x0000002e85400000)]
  0x0000013b95e78360 JavaThread "C1 CompilerThread1" daemon [_thread_blocked, id=23148, stack(0x0000002e85400000,0x0000002e85500000)]
  0x0000013b95e78870 JavaThread "C1 CompilerThread2" daemon [_thread_blocked, id=772, stack(0x0000002e85500000,0x0000002e85600000)]
  0x0000013b95e7c5e0 JavaThread "Notification Thread" daemon [_thread_blocked, id=14320, stack(0x0000002e85600000,0x0000002e85700000)]
  0x0000013b95e88660 JavaThread "Common-Cleaner" daemon [_thread_blocked, id=22620, stack(0x0000002e85800000,0x0000002e85900000)]
  0x0000013b95eda6d0 JavaThread "firmata-parser-thread" daemon [_thread_blocked, id=26024, stack(0x0000002e85900000,0x0000002e85a00000)]

Other Threads:
  0x0000013b952ce7a0 VMThread "VM Thread" [stack: 0x0000002e84a00000,0x0000002e84b00000] [id=17132]
  0x0000013bf1ce6ae0 WatcherThread [stack: 0x0000002e85700000,0x0000002e85800000] [id=11444]
  0x0000013bf1c7d360 GCTaskThread "GC Thread#0" [stack: 0x0000002e84500000,0x0000002e84600000] [id=20176]
  0x0000013bf1c8d860 ConcurrentGCThread "G1 Main Marker" [stack: 0x0000002e84600000,0x0000002e84700000] [id=21700]
  0x0000013bf1c90190 ConcurrentGCThread "G1 Conc#0" [stack: 0x0000002e84700000,0x0000002e84800000] [id=23120]
  0x0000013b9518d620 ConcurrentGCThread "G1 Refine#0" [stack: 0x0000002e84800000,0x0000002e84900000] [id=15844]
  0x0000013b9518df40 ConcurrentGCThread "G1 Service" [stack: 0x0000002e84900000,0x0000002e84a00000] [id=25300]

Threads with active compile tasks:

VM state: not at safepoint (normal execution)

VM Mutex/Monitor currently owned by a thread: None

Heap address: 0x0000000709400000, size: 3948 MB, Compressed Oops mode: Zero based, Oop shift amount: 3

CDS archive(s) mapped at: [0x0000000800000000-0x0000000800bc0000-0x0000000800bc0000), size 12320768, SharedBaseAddress: 0x0000000800000000, ArchiveRelocationMode: 0.
Compressed class space mapped at: 0x0000000800c00000-0x0000000840c00000, reserved size: 1073741824
Narrow klass base: 0x0000000800000000, Narrow klass shift: 0, Narrow klass range: 0x100000000

GC Precious Log:
 CPUs: 16 total, 16 available
 Memory: 15790M
 Large Page Support: Disabled
 NUMA Support: Disabled
 Compressed Oops: Enabled (Zero based)
 Heap Region Size: 2M
 Heap Min Capacity: 8M
 Heap Initial Capacity: 248M
 Heap Max Capacity: 3948M
 Pre-touch: Disabled
 Parallel Workers: 13
 Concurrent Workers: 3
 Concurrent Refinement Workers: 13
 Periodic GC: Disabled

Heap:
 garbage-first heap   total 253952K, used 2048K [0x0000000709400000, 0x0000000800000000)
  region size 2048K, 2 young (4096K), 0 survivors (0K)
 Metaspace       used 604K, committed 704K, reserved 1056768K
  class space    used 59K, committed 128K, reserved 1048576K

Heap Regions: E=young(eden), S=young(survivor), O=old, HS=humongous(starts), HC=humongous(continues), CS=collection set, F=free, OA=open archive, CA=closed archive, TAMS=top-at-mark-start (previous, next)
|   0|0x0000000709400000, 0x0000000709400000, 0x0000000709600000|  0%| F|  |TAMS 0x0000000709400000, 0x0000000709400000| Untracked 
|   1|0x0000000709600000, 0x0000000709600000, 0x0000000709800000|  0%| F|  |TAMS 0x0000000709600000, 0x0000000709600000| Untracked 
|   2|0x0000000709800000, 0x0000000709800000, 0x0000000709a00000|  0%| F|  |TAMS 0x0000000709800000, 0x0000000709800000| Untracked 
|   3|0x0000000709a00000, 0x0000000709a00000, 0x0000000709c00000|  0%| F|  |TAMS 0x0000000709a00000, 0x0000000709a00000| Untracked 
|   4|0x0000000709c00000, 0x0000000709c00000, 0x0000000709e00000|  0%| F|  |TAMS 0x0000000709c00000, 0x0000000709c00000| Untracked 
|   5|0x0000000709e00000, 0x0000000709e00000, 0x000000070a000000|  0%| F|  |TAMS 0x0000000709e00000, 0x0000000709e00000| Untracked 
|   6|0x000000070a000000, 0x000000070a000000, 0x000000070a200000|  0%| F|  |TAMS 0x000000070a000000, 0x000000070a000000| Untracked 
|   7|0x000000070a200000, 0x000000070a200000, 0x000000070a400000|  0%| F|  |TAMS 0x000000070a200000, 0x000000070a200000| Untracked 
|   8|0x000000070a400000, 0x000000070a400000, 0x000000070a600000|  0%| F|  |TAMS 0x000000070a400000, 0x000000070a400000| Untracked 
|   9|0x000000070a600000, 0x000000070a600000, 0x000000070a800000|  0%| F|  |TAMS 0x000000070a600000, 0x000000070a600000| Untracked 
|  10|0x000000070a800000, 0x000000070a800000, 0x000000070aa00000|  0%| F|  |TAMS 0x000000070a800000, 0x000000070a800000| Untracked 
|  11|0x000000070aa00000, 0x000000070aa00000, 0x000000070ac00000|  0%| F|  |TAMS 0x000000070aa00000, 0x000000070aa00000| Untracked 
|  12|0x000000070ac00000, 0x000000070ac00000, 0x000000070ae00000|  0%| F|  |TAMS 0x000000070ac00000, 0x000000070ac00000| Untracked 
|  13|0x000000070ae00000, 0x000000070ae00000, 0x000000070b000000|  0%| F|  |TAMS 0x000000070ae00000, 0x000000070ae00000| Untracked 
|  14|0x000000070b000000, 0x000000070b000000, 0x000000070b200000|  0%| F|  |TAMS 0x000000070b000000, 0x000000070b000000| Untracked 
|  15|0x000000070b200000, 0x000000070b200000, 0x000000070b400000|  0%| F|  |TAMS 0x000000070b200000, 0x000000070b200000| Untracked 
|  16|0x000000070b400000, 0x000000070b400000, 0x000000070b600000|  0%| F|  |TAMS 0x000000070b400000, 0x000000070b400000| Untracked 
|  17|0x000000070b600000, 0x000000070b600000, 0x000000070b800000|  0%| F|  |TAMS 0x000000070b600000, 0x000000070b600000| Untracked 
|  18|0x000000070b800000, 0x000000070b800000, 0x000000070ba00000|  0%| F|  |TAMS 0x000000070b800000, 0x000000070b800000| Untracked 
|  19|0x000000070ba00000, 0x000000070ba00000, 0x000000070bc00000|  0%| F|  |TAMS 0x000000070ba00000, 0x000000070ba00000| Untracked 
|  20|0x000000070bc00000, 0x000000070bc00000, 0x000000070be00000|  0%| F|  |TAMS 0x000000070bc00000, 0x000000070bc00000| Untracked 
|  21|0x000000070be00000, 0x000000070be00000, 0x000000070c000000|  0%| F|  |TAMS 0x000000070be00000, 0x000000070be00000| Untracked 
|  22|0x000000070c000000, 0x000000070c000000, 0x000000070c200000|  0%| F|  |TAMS 0x000000070c000000, 0x000000070c000000| Untracked 
|  23|0x000000070c200000, 0x000000070c200000, 0x000000070c400000|  0%| F|  |TAMS 0x000000070c200000, 0x000000070c200000| Untracked 
|  24|0x000000070c400000, 0x000000070c400000, 0x000000070c600000|  0%| F|  |TAMS 0x000000070c400000, 0x000000070c400000| Untracked 
|  25|0x000000070c600000, 0x000000070c600000, 0x000000070c800000|  0%| F|  |TAMS 0x000000070c600000, 0x000000070c600000| Untracked 
|  26|0x000000070c800000, 0x000000070c800000, 0x000000070ca00000|  0%| F|  |TAMS 0x000000070c800000, 0x000000070c800000| Untracked 
|  27|0x000000070ca00000, 0x000000070ca00000, 0x000000070cc00000|  0%| F|  |TAMS 0x000000070ca00000, 0x000000070ca00000| Untracked 
|  28|0x000000070cc00000, 0x000000070cc00000, 0x000000070ce00000|  0%| F|  |TAMS 0x000000070cc00000, 0x000000070cc00000| Untracked 
|  29|0x000000070ce00000, 0x000000070ce00000, 0x000000070d000000|  0%| F|  |TAMS 0x000000070ce00000, 0x000000070ce00000| Untracked 
|  30|0x000000070d000000, 0x000000070d000000, 0x000000070d200000|  0%| F|  |TAMS 0x000000070d000000, 0x000000070d000000| Untracked 
|  31|0x000000070d200000, 0x000000070d200000, 0x000000070d400000|  0%| F|  |TAMS 0x000000070d200000, 0x000000070d200000| Untracked 
|  32|0x000000070d400000, 0x000000070d400000, 0x000000070d600000|  0%| F|  |TAMS 0x000000070d400000, 0x000000070d400000| Untracked 
|  33|0x000000070d600000, 0x000000070d600000, 0x000000070d800000|  0%| F|  |TAMS 0x000000070d600000, 0x000000070d600000| Untracked 
|  34|0x000000070d800000, 0x000000070d800000, 0x000000070da00000|  0%| F|  |TAMS 0x000000070d800000, 0x000000070d800000| Untracked 
|  35|0x000000070da00000, 0x000000070da00000, 0x000000070dc00000|  0%| F|  |TAMS 0x000000070da00000, 0x000000070da00000| Untracked 
|  36|0x000000070dc00000, 0x000000070dc00000, 0x000000070de00000|  0%| F|  |TAMS 0x000000070dc00000, 0x000000070dc00000| Untracked 
|  37|0x000000070de00000, 0x000000070de00000, 0x000000070e000000|  0%| F|  |TAMS 0x000000070de00000, 0x000000070de00000| Untracked 
|  38|0x000000070e000000, 0x000000070e000000, 0x000000070e200000|  0%| F|  |TAMS 0x000000070e000000, 0x000000070e000000| Untracked 
|  39|0x000000070e200000, 0x000000070e200000, 0x000000070e400000|  0%| F|  |TAMS 0x000000070e200000, 0x000000070e200000| Untracked 
|  40|0x000000070e400000, 0x000000070e400000, 0x000000070e600000|  0%| F|  |TAMS 0x000000070e400000, 0x000000070e400000| Untracked 
|  41|0x000000070e600000, 0x000000070e600000, 0x000000070e800000|  0%| F|  |TAMS 0x000000070e600000, 0x000000070e600000| Untracked 
|  42|0x000000070e800000, 0x000000070e800000, 0x000000070ea00000|  0%| F|  |TAMS 0x000000070e800000, 0x000000070e800000| Untracked 
|  43|0x000000070ea00000, 0x000000070ea00000, 0x000000070ec00000|  0%| F|  |TAMS 0x000000070ea00000, 0x000000070ea00000| Untracked 
|  44|0x000000070ec00000, 0x000000070ec00000, 0x000000070ee00000|  0%| F|  |TAMS 0x000000070ec00000, 0x000000070ec00000| Untracked 
|  45|0x000000070ee00000, 0x000000070ee00000, 0x000000070f000000|  0%| F|  |TAMS 0x000000070ee00000, 0x000000070ee00000| Untracked 
|  46|0x000000070f000000, 0x000000070f000000, 0x000000070f200000|  0%| F|  |TAMS 0x000000070f000000, 0x000000070f000000| Untracked 
|  47|0x000000070f200000, 0x000000070f200000, 0x000000070f400000|  0%| F|  |TAMS 0x000000070f200000, 0x000000070f200000| Untracked 
|  48|0x000000070f400000, 0x000000070f400000, 0x000000070f600000|  0%| F|  |TAMS 0x000000070f400000, 0x000000070f400000| Untracked 
|  49|0x000000070f600000, 0x000000070f600000, 0x000000070f800000|  0%| F|  |TAMS 0x000000070f600000, 0x000000070f600000| Untracked 
|  50|0x000000070f800000, 0x000000070f800000, 0x000000070fa00000|  0%| F|  |TAMS 0x000000070f800000, 0x000000070f800000| Untracked 
|  51|0x000000070fa00000, 0x000000070fa00000, 0x000000070fc00000|  0%| F|  |TAMS 0x000000070fa00000, 0x000000070fa00000| Untracked 
|  52|0x000000070fc00000, 0x000000070fc00000, 0x000000070fe00000|  0%| F|  |TAMS 0x000000070fc00000, 0x000000070fc00000| Untracked 
|  53|0x000000070fe00000, 0x000000070fe00000, 0x0000000710000000|  0%| F|  |TAMS 0x000000070fe00000, 0x000000070fe00000| Untracked 
|  54|0x0000000710000000, 0x0000000710000000, 0x0000000710200000|  0%| F|  |TAMS 0x0000000710000000, 0x0000000710000000| Untracked 
|  55|0x0000000710200000, 0x0000000710200000, 0x0000000710400000|  0%| F|  |TAMS 0x0000000710200000, 0x0000000710200000| Untracked 
|  56|0x0000000710400000, 0x0000000710400000, 0x0000000710600000|  0%| F|  |TAMS 0x0000000710400000, 0x0000000710400000| Untracked 
|  57|0x0000000710600000, 0x0000000710600000, 0x0000000710800000|  0%| F|  |TAMS 0x0000000710600000, 0x0000000710600000| Untracked 
|  58|0x0000000710800000, 0x0000000710800000, 0x0000000710a00000|  0%| F|  |TAMS 0x0000000710800000, 0x0000000710800000| Untracked 
|  59|0x0000000710a00000, 0x0000000710a00000, 0x0000000710c00000|  0%| F|  |TAMS 0x0000000710a00000, 0x0000000710a00000| Untracked 
|  60|0x0000000710c00000, 0x0000000710c00000, 0x0000000710e00000|  0%| F|  |TAMS 0x0000000710c00000, 0x0000000710c00000| Untracked 
|  61|0x0000000710e00000, 0x0000000710e00000, 0x0000000711000000|  0%| F|  |TAMS 0x0000000710e00000, 0x0000000710e00000| Untracked 
|  62|0x0000000711000000, 0x0000000711000000, 0x0000000711200000|  0%| F|  |TAMS 0x0000000711000000, 0x0000000711000000| Untracked 
|  63|0x0000000711200000, 0x0000000711200000, 0x0000000711400000|  0%| F|  |TAMS 0x0000000711200000, 0x0000000711200000| Untracked 
|  64|0x0000000711400000, 0x0000000711400000, 0x0000000711600000|  0%| F|  |TAMS 0x0000000711400000, 0x0000000711400000| Untracked 
|  65|0x0000000711600000, 0x0000000711600000, 0x0000000711800000|  0%| F|  |TAMS 0x0000000711600000, 0x0000000711600000| Untracked 
|  66|0x0000000711800000, 0x0000000711800000, 0x0000000711a00000|  0%| F|  |TAMS 0x0000000711800000, 0x0000000711800000| Untracked 
|  67|0x0000000711a00000, 0x0000000711a00000, 0x0000000711c00000|  0%| F|  |TAMS 0x0000000711a00000, 0x0000000711a00000| Untracked 
|  68|0x0000000711c00000, 0x0000000711c00000, 0x0000000711e00000|  0%| F|  |TAMS 0x0000000711c00000, 0x0000000711c00000| Untracked 
|  69|0x0000000711e00000, 0x0000000711e00000, 0x0000000712000000|  0%| F|  |TAMS 0x0000000711e00000, 0x0000000711e00000| Untracked 
|  70|0x0000000712000000, 0x0000000712000000, 0x0000000712200000|  0%| F|  |TAMS 0x0000000712000000, 0x0000000712000000| Untracked 
|  71|0x0000000712200000, 0x0000000712200000, 0x0000000712400000|  0%| F|  |TAMS 0x0000000712200000, 0x0000000712200000| Untracked 
|  72|0x0000000712400000, 0x0000000712400000, 0x0000000712600000|  0%| F|  |TAMS 0x0000000712400000, 0x0000000712400000| Untracked 
|  73|0x0000000712600000, 0x0000000712600000, 0x0000000712800000|  0%| F|  |TAMS 0x0000000712600000, 0x0000000712600000| Untracked 
|  74|0x0000000712800000, 0x0000000712800000, 0x0000000712a00000|  0%| F|  |TAMS 0x0000000712800000, 0x0000000712800000| Untracked 
|  75|0x0000000712a00000, 0x0000000712a00000, 0x0000000712c00000|  0%| F|  |TAMS 0x0000000712a00000, 0x0000000712a00000| Untracked 
|  76|0x0000000712c00000, 0x0000000712c00000, 0x0000000712e00000|  0%| F|  |TAMS 0x0000000712c00000, 0x0000000712c00000| Untracked 
|  77|0x0000000712e00000, 0x0000000712e00000, 0x0000000713000000|  0%| F|  |TAMS 0x0000000712e00000, 0x0000000712e00000| Untracked 
|  78|0x0000000713000000, 0x0000000713000000, 0x0000000713200000|  0%| F|  |TAMS 0x0000000713000000, 0x0000000713000000| Untracked 
|  79|0x0000000713200000, 0x0000000713200000, 0x0000000713400000|  0%| F|  |TAMS 0x0000000713200000, 0x0000000713200000| Untracked 
|  80|0x0000000713400000, 0x0000000713400000, 0x0000000713600000|  0%| F|  |TAMS 0x0000000713400000, 0x0000000713400000| Untracked 
|  81|0x0000000713600000, 0x0000000713600000, 0x0000000713800000|  0%| F|  |TAMS 0x0000000713600000, 0x0000000713600000| Untracked 
|  82|0x0000000713800000, 0x0000000713800000, 0x0000000713a00000|  0%| F|  |TAMS 0x0000000713800000, 0x0000000713800000| Untracked 
|  83|0x0000000713a00000, 0x0000000713a00000, 0x0000000713c00000|  0%| F|  |TAMS 0x0000000713a00000, 0x0000000713a00000| Untracked 
|  84|0x0000000713c00000, 0x0000000713c00000, 0x0000000713e00000|  0%| F|  |TAMS 0x0000000713c00000, 0x0000000713c00000| Untracked 
|  85|0x0000000713e00000, 0x0000000713e00000, 0x0000000714000000|  0%| F|  |TAMS 0x0000000713e00000, 0x0000000713e00000| Untracked 
|  86|0x0000000714000000, 0x0000000714000000, 0x0000000714200000|  0%| F|  |TAMS 0x0000000714000000, 0x0000000714000000| Untracked 
|  87|0x0000000714200000, 0x0000000714200000, 0x0000000714400000|  0%| F|  |TAMS 0x0000000714200000, 0x0000000714200000| Untracked 
|  88|0x0000000714400000, 0x0000000714400000, 0x0000000714600000|  0%| F|  |TAMS 0x0000000714400000, 0x0000000714400000| Untracked 
|  89|0x0000000714600000, 0x0000000714600000, 0x0000000714800000|  0%| F|  |TAMS 0x0000000714600000, 0x0000000714600000| Untracked 
|  90|0x0000000714800000, 0x0000000714800000, 0x0000000714a00000|  0%| F|  |TAMS 0x0000000714800000, 0x0000000714800000| Untracked 
|  91|0x0000000714a00000, 0x0000000714a00000, 0x0000000714c00000|  0%| F|  |TAMS 0x0000000714a00000, 0x0000000714a00000| Untracked 
|  92|0x0000000714c00000, 0x0000000714c00000, 0x0000000714e00000|  0%| F|  |TAMS 0x0000000714c00000, 0x0000000714c00000| Untracked 
|  93|0x0000000714e00000, 0x0000000714e00000, 0x0000000715000000|  0%| F|  |TAMS 0x0000000714e00000, 0x0000000714e00000| Untracked 
|  94|0x0000000715000000, 0x0000000715000000, 0x0000000715200000|  0%| F|  |TAMS 0x0000000715000000, 0x0000000715000000| Untracked 
|  95|0x0000000715200000, 0x0000000715200000, 0x0000000715400000|  0%| F|  |TAMS 0x0000000715200000, 0x0000000715200000| Untracked 
|  96|0x0000000715400000, 0x0000000715400000, 0x0000000715600000|  0%| F|  |TAMS 0x0000000715400000, 0x0000000715400000| Untracked 
|  97|0x0000000715600000, 0x0000000715600000, 0x0000000715800000|  0%| F|  |TAMS 0x0000000715600000, 0x0000000715600000| Untracked 
|  98|0x0000000715800000, 0x0000000715800000, 0x0000000715a00000|  0%| F|  |TAMS 0x0000000715800000, 0x0000000715800000| Untracked 
|  99|0x0000000715a00000, 0x0000000715a00000, 0x0000000715c00000|  0%| F|  |TAMS 0x0000000715a00000, 0x0000000715a00000| Untracked 
| 100|0x0000000715c00000, 0x0000000715c00000, 0x0000000715e00000|  0%| F|  |TAMS 0x0000000715c00000, 0x0000000715c00000| Untracked 
| 101|0x0000000715e00000, 0x0000000715e00000, 0x0000000716000000|  0%| F|  |TAMS 0x0000000715e00000, 0x0000000715e00000| Untracked 
| 102|0x0000000716000000, 0x0000000716000000, 0x0000000716200000|  0%| F|  |TAMS 0x0000000716000000, 0x0000000716000000| Untracked 
| 103|0x0000000716200000, 0x0000000716200000, 0x0000000716400000|  0%| F|  |TAMS 0x0000000716200000, 0x0000000716200000| Untracked 
| 104|0x0000000716400000, 0x0000000716400000, 0x0000000716600000|  0%| F|  |TAMS 0x0000000716400000, 0x0000000716400000| Untracked 
| 105|0x0000000716600000, 0x0000000716600000, 0x0000000716800000|  0%| F|  |TAMS 0x0000000716600000, 0x0000000716600000| Untracked 
| 106|0x0000000716800000, 0x0000000716800000, 0x0000000716a00000|  0%| F|  |TAMS 0x0000000716800000, 0x0000000716800000| Untracked 
| 107|0x0000000716a00000, 0x0000000716a00000, 0x0000000716c00000|  0%| F|  |TAMS 0x0000000716a00000, 0x0000000716a00000| Untracked 
| 108|0x0000000716c00000, 0x0000000716c00000, 0x0000000716e00000|  0%| F|  |TAMS 0x0000000716c00000, 0x0000000716c00000| Untracked 
| 109|0x0000000716e00000, 0x0000000716e00000, 0x0000000717000000|  0%| F|  |TAMS 0x0000000716e00000, 0x0000000716e00000| Untracked 
| 110|0x0000000717000000, 0x0000000717000000, 0x0000000717200000|  0%| F|  |TAMS 0x0000000717000000, 0x0000000717000000| Untracked 
| 111|0x0000000717200000, 0x0000000717200000, 0x0000000717400000|  0%| F|  |TAMS 0x0000000717200000, 0x0000000717200000| Untracked 
| 112|0x0000000717400000, 0x0000000717400000, 0x0000000717600000|  0%| F|  |TAMS 0x0000000717400000, 0x0000000717400000| Untracked 
| 113|0x0000000717600000, 0x0000000717600000, 0x0000000717800000|  0%| F|  |TAMS 0x0000000717600000, 0x0000000717600000| Untracked 
| 114|0x0000000717800000, 0x0000000717800000, 0x0000000717a00000|  0%| F|  |TAMS 0x0000000717800000, 0x0000000717800000| Untracked 
| 115|0x0000000717a00000, 0x0000000717a00000, 0x0000000717c00000|  0%| F|  |TAMS 0x0000000717a00000, 0x0000000717a00000| Untracked 
| 116|0x0000000717c00000, 0x0000000717c00000, 0x0000000717e00000|  0%| F|  |TAMS 0x0000000717c00000, 0x0000000717c00000| Untracked 
| 117|0x0000000717e00000, 0x0000000717e00000, 0x0000000718000000|  0%| F|  |TAMS 0x0000000717e00000, 0x0000000717e00000| Untracked 
| 118|0x0000000718000000, 0x0000000718000000, 0x0000000718200000|  0%| F|  |TAMS 0x0000000718000000, 0x0000000718000000| Untracked 
| 119|0x0000000718200000, 0x0000000718200000, 0x0000000718400000|  0%| F|  |TAMS 0x0000000718200000, 0x0000000718200000| Untracked 
| 120|0x0000000718400000, 0x0000000718400000, 0x0000000718600000|  0%| F|  |TAMS 0x0000000718400000, 0x0000000718400000| Untracked 
| 121|0x0000000718600000, 0x0000000718600000, 0x0000000718800000|  0%| F|  |TAMS 0x0000000718600000, 0x0000000718600000| Untracked 
| 122|0x0000000718800000, 0x0000000718956c68, 0x0000000718a00000| 66%| E|  |TAMS 0x0000000718800000, 0x0000000718800000| Complete 
| 123|0x0000000718a00000, 0x0000000718c00000, 0x0000000718c00000|100%| E|CS|TAMS 0x0000000718a00000, 0x0000000718a00000| Complete 

Card table byte_map: [0x0000013bfa740000,0x0000013bfaf00000] _byte_map_base: 0x0000013bf6ef6000

Marking Bits (Prev, Next): (CMBitMap*) 0x0000013bf1c7d870, (CMBitMap*) 0x0000013bf1c7d8b0
 Prev Bits: [0x0000013bfb6c0000, 0x0000013bff470000)
 Next Bits: [0x0000013b8f000000, 0x0000013b92db0000)

Polling page: 0x0000013befa60000

Metaspace:

Usage:
  Non-class:    545.02 KB used.
      Class:     59.63 KB used.
       Both:    604.66 KB used.

Virtual space:
  Non-class space:        8.00 MB reserved,     576.00 KB (  7%) committed,  1 nodes.
      Class space:        1.00 GB reserved,     128.00 KB ( <1%) committed,  1 nodes.
             Both:        1.01 GB reserved,     704.00 KB ( <1%) committed. 

Chunk freelists:
   Non-Class:  3.83 MB
       Class:  3.72 MB
        Both:  7.55 MB

MaxMetaspaceSize: unlimited
CompressedClassSpaceSize: 1.00 GB
Initial GC threshold: 21.00 MB
Current GC threshold: 21.00 MB
CDS: on
MetaspaceReclaimPolicy: balanced
 - commit_granule_bytes: 65536.
 - commit_granule_words: 8192.
 - virtual_space_node_default_size: 1048576.
 - enlarge_chunks_in_place: 1.
 - new_chunks_are_fully_committed: 0.
 - uncommit_free_chunks: 1.
 - use_allocation_guard: 0.
 - handle_deallocations: 1.


Internal statistics:

num_allocs_failed_limit: 0.
num_arena_births: 4.
num_arena_deaths: 0.
num_vsnodes_births: 2.
num_vsnodes_deaths: 0.
num_space_committed: 11.
num_space_uncommitted: 0.
num_chunks_returned_to_freelist: 0.
num_chunks_taken_from_freelist: 16.
num_chunk_merges: 0.
num_chunk_splits: 8.
num_chunks_enlarged: 8.
num_purges: 0.
num_inconsistent_stats: 0.

CodeHeap 'non-profiled nmethods': size=119168Kb used=34Kb max_used=34Kb free=119133Kb
 bounds [0x0000013b87ba0000, 0x0000013b87e10000, 0x0000013b8f000000]
CodeHeap 'profiled nmethods': size=119104Kb used=210Kb max_used=210Kb free=118893Kb
 bounds [0x0000013b80750000, 0x0000013b809c0000, 0x0000013b87ba0000]
CodeHeap 'non-nmethods': size=7488Kb used=2207Kb max_used=2220Kb free=5281Kb
 bounds [0x0000013b80000000, 0x0000013b80270000, 0x0000013b80750000]
 total_blobs=518 nmethods=168 adapters=261
 compilation: enabled
              stopped_count=0, restarted_count=0
 full_count=0

Compilation events (20 events):
Event: 0.087 Thread 0x0000013b95d47250  157       1       java.net.URL::getPort (5 bytes)
Event: 0.087 Thread 0x0000013b95d47250 nmethod 157 0x0000013b87ba6d90 code [0x0000013b87ba6f20, 0x0000013b87ba6ff8]
Event: 0.087 Thread 0x0000013b95d47250  159       1       java.net.URL::getPath (5 bytes)
Event: 0.087 Thread 0x0000013b95e78870  158       1       java.net.URL::getAuthority (5 bytes)
Event: 0.087 Thread 0x0000013b95e78360  160       1       java.net.URL::getQuery (5 bytes)
Event: 0.087 Thread 0x0000013b95d47250 nmethod 159 0x0000013b87ba7090 code [0x0000013b87ba7220, 0x0000013b87ba72f8]
Event: 0.087 Thread 0x0000013b95d47250  161       1       java.net.URL::getRef (5 bytes)
Event: 0.087 Thread 0x0000013b95e78870 nmethod 158 0x0000013b87ba7390 code [0x0000013b87ba7520, 0x0000013b87ba75f8]
Event: 0.087 Thread 0x0000013b95d47250 nmethod 161 0x0000013b87ba7690 code [0x0000013b87ba7820, 0x0000013b87ba78f8]
Event: 0.087 Thread 0x0000013b95e78360 nmethod 160 0x0000013b87ba7990 code [0x0000013b87ba7b20, 0x0000013b87ba7bf8]
Event: 0.087 Thread 0x0000013b95d47250  162       3       java.lang.ClassLoader::checkName (37 bytes)
Event: 0.087 Thread 0x0000013b95e78870  163       1       jdk.internal.loader.URLClassPath$Loader::getBaseURL (5 bytes)
Event: 0.087 Thread 0x0000013b95e78870 nmethod 163 0x0000013b87ba7c90 code [0x0000013b87ba7e20, 0x0000013b87ba7ef8]
Event: 0.087 Thread 0x0000013b95e78870  164       3       java.util.HashMap::get (19 bytes)
Event: 0.087 Thread 0x0000013b95e78870 nmethod 164 0x0000013b80783190 code [0x0000013b80783340, 0x0000013b80783508]
Event: 0.088 Thread 0x0000013b95d47250 nmethod 162 0x0000013b80783610 code [0x0000013b80783860, 0x0000013b80784258]
Event: 0.090 Thread 0x0000013b95e78870  166       1       java.util.ArrayList::size (5 bytes)
Event: 0.090 Thread 0x0000013b95e78870 nmethod 166 0x0000013b87ba8290 code [0x0000013b87ba8420, 0x0000013b87ba84f8]
Event: 0.091 Thread 0x0000013b95e78870  167       3       java.lang.Class::getName (18 bytes)
Event: 0.091 Thread 0x0000013b95d45940  168       4       java.lang.Object::<init> (1 bytes)

GC Heap History (0 events):
No events

Deoptimization events (0 events):
No events

Classes unloaded (0 events):
No events

Classes redefined (0 events):
No events

Internal exceptions (1 events):
Event: 0.073 Thread 0x0000013bf1c0be30 Exception <a 'java/lang/NoClassDefFoundError'{0x000000071881cc50}: org/slf4j/impl/StaticLoggerBinder> (0x000000071881cc50) 
thrown [s\src\hotspot\share\classfile\systemDictionary.cpp, line 245]

VM Operations (4 events):
Event: 0.052 Executing VM operation: HandshakeAllThreads
Event: 0.052 Executing VM operation: HandshakeAllThreads done
Event: 0.088 Executing VM operation: HandshakeAllThreads
Event: 0.088 Executing VM operation: HandshakeAllThreads done

Events (20 events):
Event: 0.088 loading class java/util/concurrent/Executors done
Event: 0.088 loading class java/util/concurrent/Executors$FinalizableDelegatedExecutorService
Event: 0.088 loading class java/util/concurrent/Executors$DelegatedExecutorService
Event: 0.088 loading class java/util/concurrent/Executors$DelegatedExecutorService done
Event: 0.088 loading class java/util/concurrent/Executors$FinalizableDelegatedExecutorService done
Event: 0.088 loading class java/util/concurrent/ThreadPoolExecutor
Event: 0.088 loading class java/util/concurrent/ThreadPoolExecutor done
Event: 0.089 loading class java/util/concurrent/ThreadPoolExecutor$AbortPolicy
Event: 0.089 loading class java/util/concurrent/RejectedExecutionHandler
Event: 0.089 loading class java/util/concurrent/RejectedExecutionHandler done
Event: 0.089 loading class java/util/concurrent/ThreadPoolExecutor$AbortPolicy done
Event: 0.089 loading class java/util/concurrent/ArrayBlockingQueue
Event: 0.089 loading class java/util/concurrent/ArrayBlockingQueue done
Event: 0.090 Thread 0x0000013b95eda6d0 Thread added: 0x0000013b95eda6d0
Event: 0.091 loading class java/util/concurrent/locks/AbstractQueuedSynchronizer$ConditionNode
Event: 0.091 loading class java/util/concurrent/ForkJoinPool$ManagedBlocker
Event: 0.091 loading class java/util/concurrent/ForkJoinPool$ManagedBlocker done
Event: 0.091 loading class java/util/concurrent/locks/AbstractQueuedSynchronizer$Node
Event: 0.091 loading class java/util/concurrent/locks/AbstractQueuedSynchronizer$Node done
Event: 0.091 loading class java/util/concurrent/locks/AbstractQueuedSynchronizer$ConditionNode done


Dynamic libraries:
0x00007ff740580000 - 0x00007ff74058e000 	C:\Program Files\Eclipse Adoptium\jdk-17.0.4.101-hotspot\bin\java.exe
0x00007ff9d7ef0000 - 0x00007ff9d80e8000 	C:\Windows\SYSTEM32\ntdll.dll
0x00007ff9d6460000 - 0x00007ff9d651d000 	C:\Windows\System32\KERNEL32.DLL
0x00007ff9d56c0000 - 0x00007ff9d5992000 	C:\Windows\System32\KERNELBASE.dll
0x00007ff9d5c50000 - 0x00007ff9d5d50000 	C:\Windows\System32\ucrtbase.dll
0x00007ff9cf2b0000 - 0x00007ff9cf2c8000 	C:\Program Files\Eclipse Adoptium\jdk-17.0.4.101-hotspot\bin\jli.dll
0x00007ff9cc620000 - 0x00007ff9cc639000 	C:\Program Files\Eclipse Adoptium\jdk-17.0.4.101-hotspot\bin\VCRUNTIME140.dll
0x00007ff9d60a0000 - 0x00007ff9d623d000 	C:\Windows\System32\USER32.dll
0x00007ff9d5600000 - 0x00007ff9d5622000 	C:\Windows\System32\win32u.dll
0x00007ff9d75e0000 - 0x00007ff9d760b000 	C:\Windows\System32\GDI32.dll
0x00007ff9d5d80000 - 0x00007ff9d5e8f000 	C:\Windows\System32\gdi32full.dll
0x00007ff9d59a0000 - 0x00007ff9d5a3d000 	C:\Windows\System32\msvcp_win.dll
0x00007ff9c1030000 - 0x00007ff9c12ca000 	C:\Windows\WinSxS\amd64_microsoft.windows.common-controls_6595b64144ccf1df_6.0.19041.1110_none_60b5254171f9507e\COMCTL32.dll
0x00007ff9d7c10000 - 0x00007ff9d7cae000 	C:\Windows\System32\msvcrt.dll
0x00007ff9d7610000 - 0x00007ff9d7640000 	C:\Windows\System32\IMM32.DLL
0x00007ff9ced10000 - 0x00007ff9ced1c000 	C:\Program Files\Eclipse Adoptium\jdk-17.0.4.101-hotspot\bin\vcruntime140_1.dll
0x00007ff9924a0000 - 0x00007ff992531000 	C:\Program Files\Eclipse Adoptium\jdk-17.0.4.101-hotspot\bin\msvcp140.dll
0x00007ff93d430000 - 0x00007ff93e076000 	C:\Program Files\Eclipse Adoptium\jdk-17.0.4.101-hotspot\bin\server\jvm.dll
0x00007ff9d7d60000 - 0x00007ff9d7e0e000 	C:\Windows\System32\ADVAPI32.dll
0x00007ff9d7e10000 - 0x00007ff9d7eac000 	C:\Windows\System32\sechost.dll
0x00007ff9d73c0000 - 0x00007ff9d74e5000 	C:\Windows\System32\RPCRT4.dll
0x00007ff9d74f0000 - 0x00007ff9d74f8000 	C:\Windows\System32\PSAPI.DLL
0x00007ff9cdd40000 - 0x00007ff9cdd4a000 	C:\Windows\SYSTEM32\VERSION.dll
0x00007ff9c6d90000 - 0x00007ff9c6db7000 	C:\Windows\SYSTEM32\WINMM.dll
0x00007ff9bef90000 - 0x00007ff9bef99000 	C:\Windows\SYSTEM32\WSOCK32.dll
0x00007ff9d62c0000 - 0x00007ff9d632b000 	C:\Windows\System32\WS2_32.dll
0x00007ff9d34a0000 - 0x00007ff9d34b2000 	C:\Windows\SYSTEM32\kernel.appcore.dll
0x00007ff9ce3b0000 - 0x00007ff9ce3ba000 	C:\Program Files\Eclipse Adoptium\jdk-17.0.4.101-hotspot\bin\jimage.dll
0x00007ff9cc9b0000 - 0x00007ff9ccb94000 	C:\Windows\SYSTEM32\DBGHELP.DLL
0x00007ff9c96f0000 - 0x00007ff9c971c000 	C:\Windows\SYSTEM32\dbgcore.DLL
0x00007ff9d5630000 - 0x00007ff9d56b2000 	C:\Windows\System32\bcryptPrimitives.dll
0x00007ff9cbd50000 - 0x00007ff9cbd75000 	C:\Program Files\Eclipse Adoptium\jdk-17.0.4.101-hotspot\bin\java.dll
0x00007ff9853b0000 - 0x00007ff985486000 	C:\Program Files\Eclipse Adoptium\jdk-17.0.4.101-hotspot\bin\jsvml.dll
0x00007ff9d6c10000 - 0x00007ff9d7353000 	C:\Windows\System32\SHELL32.dll
0x00007ff9d36c0000 - 0x00007ff9d3e51000 	C:\Windows\SYSTEM32\windows.storage.dll
0x00007ff9d78a0000 - 0x00007ff9d7bf4000 	C:\Windows\System32\combase.dll
0x00007ff9d4ff0000 - 0x00007ff9d5020000 	C:\Windows\SYSTEM32\Wldp.dll
0x00007ff9d77f0000 - 0x00007ff9d789d000 	C:\Windows\System32\SHCORE.dll
0x00007ff9d7360000 - 0x00007ff9d73b5000 	C:\Windows\System32\shlwapi.dll
0x00007ff9d5540000 - 0x00007ff9d555f000 	C:\Windows\SYSTEM32\profapi.dll
0x00007ff9c9850000 - 0x00007ff9c9869000 	C:\Program Files\Eclipse Adoptium\jdk-17.0.4.101-hotspot\bin\net.dll
0x00007ff9d05a0000 - 0x00007ff9d06ad000 	C:\Windows\SYSTEM32\WINHTTP.dll
0x00007ff9d4d50000 - 0x00007ff9d4dba000 	C:\Windows\system32\mswsock.dll
0x00007ff9c8a00000 - 0x00007ff9c8a15000 	C:\Program Files\Eclipse Adoptium\jdk-17.0.4.101-hotspot\bin\nio.dll
0x00007ff9adbf0000 - 0x00007ff9adc08000 	C:\Program Files\Eclipse Adoptium\jdk-17.0.4.101-hotspot\bin\zip.dll
0x00007ff9ce390000 - 0x00007ff9ce3a0000 	C:\Program Files\Eclipse Adoptium\jdk-17.0.4.101-hotspot\bin\verify.dll
0x0000000071100000 - 0x0000000071125000 	C:\Users\crepi\.jssc\windows\jSSC-2.8_x86_64.dll

dbghelp: loaded successfully - version: 4.0.5 - missing functions: none
symbol engine: initialized successfully - sym options: 0x614 - pdb path: .;C:\Program Files\Eclipse Adoptium\jdk-17.0.4.101-hotspot\bin;C:\Windows\SYSTEM32;C:\Windows\WinSxS\amd64_microsoft.windows.common-controls_6595b64144ccf1df_6.0.19041.1110_none_60b5254171f9507e;C:\Program Files\Eclipse Adoptium\jdk-17.0.4.101-hotspot\bin\server;C:\Users\crepi\.jssc\windows

VM Arguments:
jvm_args: -XX:+ShowCodeDetailsInExceptionMessages 
java_command: Projet
java_class_path (initial): C:\Users\crepi\AppData\Roaming\Code\User\workspaceStorage\65e37f1ef941abebffdd5fa26d67cfbc\redhat.java\jdt_ws\ProjetJava_cad06729\bin;d:\Programme IDO Niveau2\Session1 Automne2022\PROG1284\ProjetJava\firmata4j-2.3.8.jar;d:\Programme IDO Niveau2\Session1 Automne2022\PROG1284\ProjetJava\slf4j-api-1.7.25.jar;d:\Programme IDO Niveau2\Session1 Automne2022\PROG1284\ProjetJava\jssc-2.8.0.jar
Launcher Type: SUN_STANDARD

[Global flags]
     intx CICompilerCount                          = 12                                        {product} {ergonomic}
     uint ConcGCThreads                            = 3                                         {product} {ergonomic}
     uint G1ConcRefinementThreads                  = 13                                        {product} {ergonomic}
   size_t G1HeapRegionSize                         = 2097152                                   {product} {ergonomic}
    uintx GCDrainStackTargetSize                   = 64                                        {product} {ergonomic}
   size_t InitialHeapSize                          = 260046848                                 {product} {ergonomic}
   size_t MarkStackSize                            = 4194304                                   {product} {ergonomic}
   size_t MaxHeapSize                              = 4139778048                                {product} {ergonomic}
   size_t MaxNewSize                               = 2483027968                                {product} {ergonomic}
   size_t MinHeapDeltaBytes                        = 2097152                                   {product} {ergonomic}
   size_t MinHeapSize                              = 8388608                                   {product} {ergonomic}
    uintx NonNMethodCodeHeapSize                   = 7602480                                {pd product} {ergonomic}
    uintx NonProfiledCodeHeapSize                  = 122027880                              {pd product} {ergonomic}
    uintx ProfiledCodeHeapSize                     = 122027880                              {pd product} {ergonomic}
    uintx ReservedCodeCacheSize                    = 251658240                              {pd product} {ergonomic}
     bool SegmentedCodeCache                       = true                                      {product} {ergonomic}
     bool ShowCodeDetailsInExceptionMessages       = true                                   {manageable} {command line}
   size_t SoftMaxHeapSize                          = 4139778048                             {manageable} {ergonomic}
     bool UseCompressedClassPointers               = true                           {product lp64_product} {ergonomic}
     bool UseCompressedOops                        = true                           {product lp64_product} {ergonomic}
     bool UseG1GC                                  = true                                      {product} {ergonomic}
     bool UseLargePagesIndividualAllocation        = false                                  {pd product} {ergonomic}

Logging:
Log output configuration:
 #0: stdout all=warning uptime,level,tags
 #1: stderr all=off uptime,level,tags

Environment Variables:
PATH=C:\Program Files\Common Files\Oracle\Java\javapath;C:\Program Files\Eclipse Adoptium\jdk-17.0.4.101-hotspot\bin;C:\Windows\system32;C:\Windows;C:\Windows\System32\Wbem;C:\Windows\System32\WindowsPowerShell\v1.0\;C:\Windows\System32\OpenSSH\;C:\Program Files (x86)\NVIDIA Corporation\PhysX\Common;C:\Program Files\NVIDIA Corporation\NVIDIA NvDLISR;C:\Program Files\Java\jdk-17.0.4.1\bin;C:\Program Files\PuTTY\;C:\Users\crepi\AppData\Local\Microsoft\WindowsApps;C:\Users\crepi\AppData\Local\Programs\Microsoft VS Code\bin;C:\Users\crepi\AppData\Local\Programs\Python\Python310\Scripts;
USERNAME=crepi
LANG=fr_FR.UTF-8
OS=Windows_NT
PROCESSOR_IDENTIFIER=AMD64 Family 23 Model 96 Stepping 1, AuthenticAMD
TMP=C:\Users\crepi\AppData\Local\Temp
TEMP=C:\Users\crepi\AppData\Local\Temp



---------------  S Y S T E M  ---------------

OS:
 Windows 10 , 64 bit Build 19041 (10.0.19041.1889)
OS uptime: 0 days 6:32 hours

CPU: total 16 (initial active 16) (16 cores per cpu, 2 threads per core) family 23 model 96 stepping 1 microcode 0x0, cx8, cmov, fxsr, ht, mmx, 3dnowpref, sse, sse2, sse3, ssse3, sse4a, sse4.1, sse4.2, popcnt, lzcnt, tsc, tscinvbit, avx, avx2, aes, clmul, bmi1, bmi2, adx, sha, fma, vzeroupper, clflush, clflushopt

Memory: 4k page, system-wide physical 15790M (6885M free)
TotalPageFile size 28078M (AvailPageFile size 14993M)
current process WorkingSet (physical memory assigned to process): 31M, peak: 31M
current process commit charge ("private bytes"): 346M, peak: 346M

vm_info: OpenJDK 64-Bit Server VM (17.0.4.1+1) for windows-amd64 JRE (17.0.4.1+1), built on Aug 17 2022 07:42:43 by "temurin" with MS VC++ 16.7 (VS2019)

END.
